{"/Users/championswimmer/Development/CodingBlocks/Node/dev-submit/src/server.js":{"path":"/Users/championswimmer/Development/CodingBlocks/Node/dev-submit/src/server.js","statementMap":{"0":{"start":{"line":1,"column":16},"end":{"line":1,"column":34}},"1":{"start":{"line":2,"column":11},"end":{"line":2,"column":33}},"2":{"start":{"line":3,"column":16},"end":{"line":3,"column":42}},"3":{"start":{"line":4,"column":18},"end":{"line":4,"column":46}},"4":{"start":{"line":5,"column":14},"end":{"line":5,"column":38}},"5":{"start":{"line":6,"column":17},"end":{"line":6,"column":36}},"6":{"start":{"line":7,"column":15},"end":{"line":7,"column":37}},"7":{"start":{"line":8,"column":13},"end":{"line":8,"column":28}},"8":{"start":{"line":9,"column":19},"end":{"line":9,"column":48}},"9":{"start":{"line":10,"column":11},"end":{"line":10,"column":35}},"10":{"start":{"line":11,"column":15},"end":{"line":11,"column":41}},"11":{"start":{"line":12,"column":14},"end":{"line":12,"column":39}},"12":{"start":{"line":13,"column":14},"end":{"line":13,"column":39}},"13":{"start":{"line":14,"column":14},"end":{"line":14,"column":32}},"14":{"start":{"line":15,"column":9},"end":{"line":15,"column":41}},"15":{"start":{"line":17,"column":10},"end":{"line":17,"column":19}},"16":{"start":{"line":18,"column":13},"end":{"line":18,"column":39}},"17":{"start":{"line":20,"column":0},"end":{"line":20,"column":21}},"18":{"start":{"line":21,"column":0},"end":{"line":21,"column":19}},"19":{"start":{"line":22,"column":0},"end":{"line":22,"column":41}},"20":{"start":{"line":23,"column":0},"end":{"line":23,"column":13}},"21":{"start":{"line":26,"column":0},"end":{"line":29,"column":4}},"22":{"start":{"line":30,"column":0},"end":{"line":30,"column":30}},"23":{"start":{"line":31,"column":0},"end":{"line":31,"column":48}},"24":{"start":{"line":33,"column":0},"end":{"line":38,"column":4}},"25":{"start":{"line":41,"column":0},"end":{"line":41,"column":31}},"26":{"start":{"line":42,"column":0},"end":{"line":42,"column":28}},"27":{"start":{"line":44,"column":0},"end":{"line":61,"column":4}},"28":{"start":{"line":47,"column":24},"end":{"line":47,"column":40}},"29":{"start":{"line":48,"column":21},"end":{"line":48,"column":38}},"30":{"start":{"line":49,"column":26},"end":{"line":49,"column":30}},"31":{"start":{"line":51,"column":8},"end":{"line":54,"column":9}},"32":{"start":{"line":52,"column":12},"end":{"line":52,"column":55}},"33":{"start":{"line":55,"column":8},"end":{"line":59,"column":10}},"34":{"start":{"line":63,"column":0},"end":{"line":63,"column":17}},"35":{"start":{"line":64,"column":0},"end":{"line":71,"column":3}},"36":{"start":{"line":66,"column":4},"end":{"line":66,"column":54}},"37":{"start":{"line":67,"column":4},"end":{"line":67,"column":50}},"38":{"start":{"line":68,"column":4},"end":{"line":68,"column":42}},"39":{"start":{"line":69,"column":4},"end":{"line":69,"column":39}},"40":{"start":{"line":70,"column":4},"end":{"line":70,"column":11}},"41":{"start":{"line":72,"column":0},"end":{"line":72,"column":69}},"42":{"start":{"line":73,"column":0},"end":{"line":73,"column":63}},"43":{"start":{"line":74,"column":0},"end":{"line":74,"column":24}},"44":{"start":{"line":78,"column":0},"end":{"line":78,"column":24}}},"fnMap":{"0":{"name":"(anonymous_0)","decl":{"start":{"line":46,"column":20},"end":{"line":46,"column":21}},"loc":{"start":{"line":46,"column":49},"end":{"line":60,"column":5}},"line":46},"1":{"name":"(anonymous_1)","decl":{"start":{"line":64,"column":8},"end":{"line":64,"column":9}},"loc":{"start":{"line":64,"column":34},"end":{"line":71,"column":1}},"line":64}},"branchMap":{"0":{"loc":{"start":{"line":69,"column":22},"end":{"line":69,"column":38}},"type":"binary-expr","locations":[{"start":{"line":69,"column":22},"end":{"line":69,"column":30}},{"start":{"line":69,"column":34},"end":{"line":69,"column":38}}],"line":69}},"s":{"0":1,"1":1,"2":1,"3":1,"4":1,"5":1,"6":1,"7":1,"8":1,"9":1,"10":1,"11":1,"12":1,"13":1,"14":1,"15":1,"16":1,"17":1,"18":1,"19":1,"20":1,"21":1,"22":1,"23":1,"24":1,"25":1,"26":1,"27":1,"28":6,"29":6,"30":6,"31":6,"32":0,"33":6,"34":1,"35":1,"36":18,"37":18,"38":18,"39":18,"40":18,"41":1,"42":1,"43":1,"44":1},"f":{"0":6,"1":18},"b":{"0":[18,18]},"_coverageSchema":"332fd63041d2c1bcb487cc26dd0d5f7d97098a6c","hash":"b07d78bb2d42c7c7ef49f9fe1fc702f9aa9d00ba","contentHash":"65f895306ea08cea4de4f6112f7d17b6_11.1.0"},"/Users/championswimmer/Development/CodingBlocks/Node/dev-submit/src/routes/api_v1/index.js":{"path":"/Users/championswimmer/Development/CodingBlocks/Node/dev-submit/src/routes/api_v1/index.js","statementMap":{"0":{"start":{"line":4,"column":16},"end":{"line":4,"column":34}},"1":{"start":{"line":5,"column":15},"end":{"line":5,"column":31}},"2":{"start":{"line":7,"column":17},"end":{"line":7,"column":38}},"3":{"start":{"line":8,"column":20},"end":{"line":8,"column":44}},"4":{"start":{"line":9,"column":16},"end":{"line":9,"column":36}},"5":{"start":{"line":10,"column":20},"end":{"line":10,"column":44}},"6":{"start":{"line":11,"column":17},"end":{"line":11,"column":38}},"7":{"start":{"line":12,"column":16},"end":{"line":12,"column":36}},"8":{"start":{"line":13,"column":14},"end":{"line":13,"column":32}},"9":{"start":{"line":15,"column":0},"end":{"line":15,"column":34}},"10":{"start":{"line":16,"column":0},"end":{"line":16,"column":40}},"11":{"start":{"line":17,"column":0},"end":{"line":17,"column":32}},"12":{"start":{"line":18,"column":0},"end":{"line":18,"column":40}},"13":{"start":{"line":19,"column":0},"end":{"line":19,"column":34}},"14":{"start":{"line":20,"column":0},"end":{"line":20,"column":30}},"15":{"start":{"line":21,"column":0},"end":{"line":21,"column":26}},"16":{"start":{"line":23,"column":0},"end":{"line":23,"column":24}}},"fnMap":{},"branchMap":{},"s":{"0":1,"1":1,"2":1,"3":1,"4":1,"5":1,"6":1,"7":1,"8":1,"9":1,"10":1,"11":1,"12":1,"13":1,"14":1,"15":1,"16":1},"f":{},"b":{},"_coverageSchema":"332fd63041d2c1bcb487cc26dd0d5f7d97098a6c","hash":"fb8c3c73478f4858a890746048ebac9d37d4cb93","contentHash":"2923de2b848879c5665d5ed031c5a2fa_11.1.0"},"/Users/championswimmer/Development/CodingBlocks/Node/dev-submit/src/routes/api_v1/students.js":{"path":"/Users/championswimmer/Development/CodingBlocks/Node/dev-submit/src/routes/api_v1/students.js","statementMap":{"0":{"start":{"line":4,"column":16},"end":{"line":4,"column":34}},"1":{"start":{"line":5,"column":11},"end":{"line":5,"column":30}},"2":{"start":{"line":6,"column":14},"end":{"line":6,"column":36}},"3":{"start":{"line":9,"column":15},"end":{"line":9,"column":31}},"4":{"start":{"line":12,"column":0},"end":{"line":22,"column":3}},"5":{"start":{"line":13,"column":4},"end":{"line":21,"column":7}},"6":{"start":{"line":14,"column":8},"end":{"line":20,"column":10}},"7":{"start":{"line":18,"column":16},"end":{"line":18,"column":42}},"8":{"start":{"line":25,"column":0},"end":{"line":57,"column":3}},"9":{"start":{"line":26,"column":15},"end":{"line":26,"column":29}},"10":{"start":{"line":27,"column":15},"end":{"line":27,"column":29}},"11":{"start":{"line":28,"column":16},"end":{"line":28,"column":31}},"12":{"start":{"line":29,"column":15},"end":{"line":29,"column":20}},"13":{"start":{"line":31,"column":4},"end":{"line":38,"column":5}},"14":{"start":{"line":32,"column":8},"end":{"line":32,"column":22}},"15":{"start":{"line":33,"column":11},"end":{"line":38,"column":5}},"16":{"start":{"line":34,"column":8},"end":{"line":34,"column":22}},"17":{"start":{"line":36,"column":9},"end":{"line":38,"column":5}},"18":{"start":{"line":37,"column":8},"end":{"line":37,"column":22}},"19":{"start":{"line":40,"column":4},"end":{"line":56,"column":5}},"20":{"start":{"line":41,"column":8},"end":{"line":43,"column":11}},"21":{"start":{"line":42,"column":12},"end":{"line":42,"column":27}},"22":{"start":{"line":44,"column":9},"end":{"line":56,"column":5}},"23":{"start":{"line":45,"column":8},"end":{"line":47,"column":11}},"24":{"start":{"line":46,"column":12},"end":{"line":46,"column":27}},"25":{"start":{"line":49,"column":9},"end":{"line":56,"column":5}},"26":{"start":{"line":50,"column":8},"end":{"line":50,"column":79}},"27":{"start":{"line":50,"column":64},"end":{"line":50,"column":78}},"28":{"start":{"line":53,"column":8},"end":{"line":55,"column":11}},"29":{"start":{"line":54,"column":12},"end":{"line":54,"column":27}},"30":{"start":{"line":60,"column":0},"end":{"line":64,"column":3}},"31":{"start":{"line":61,"column":4},"end":{"line":63,"column":7}},"32":{"start":{"line":62,"column":8},"end":{"line":62,"column":23}},"33":{"start":{"line":66,"column":0},"end":{"line":70,"column":3}},"34":{"start":{"line":67,"column":4},"end":{"line":69,"column":7}},"35":{"start":{"line":68,"column":8},"end":{"line":68,"column":23}},"36":{"start":{"line":73,"column":0},"end":{"line":82,"column":3}},"37":{"start":{"line":74,"column":15},"end":{"line":74,"column":29}},"38":{"start":{"line":75,"column":4},"end":{"line":81,"column":7}},"39":{"start":{"line":76,"column":8},"end":{"line":80,"column":9}},"40":{"start":{"line":77,"column":12},"end":{"line":77,"column":27}},"41":{"start":{"line":79,"column":12},"end":{"line":79,"column":32}},"42":{"start":{"line":84,"column":0},"end":{"line":84,"column":24}}},"fnMap":{"0":{"name":"(anonymous_0)","decl":{"start":{"line":12,"column":46},"end":{"line":12,"column":47}},"loc":{"start":{"line":12,"column":66},"end":{"line":22,"column":1}},"line":12},"1":{"name":"(anonymous_1)","decl":{"start":{"line":13,"column":60},"end":{"line":13,"column":61}},"loc":{"start":{"line":13,"column":68},"end":{"line":21,"column":5}},"line":13},"2":{"name":"(anonymous_2)","decl":{"start":{"line":17,"column":12},"end":{"line":17,"column":13}},"loc":{"start":{"line":17,"column":20},"end":{"line":19,"column":13}},"line":17},"3":{"name":"(anonymous_3)","decl":{"start":{"line":25,"column":42},"end":{"line":25,"column":43}},"loc":{"start":{"line":25,"column":62},"end":{"line":57,"column":1}},"line":25},"4":{"name":"(anonymous_4)","decl":{"start":{"line":41,"column":40},"end":{"line":41,"column":41}},"loc":{"start":{"line":41,"column":48},"end":{"line":43,"column":9}},"line":41},"5":{"name":"(anonymous_5)","decl":{"start":{"line":45,"column":55},"end":{"line":45,"column":56}},"loc":{"start":{"line":45,"column":63},"end":{"line":47,"column":9}},"line":45},"6":{"name":"(anonymous_6)","decl":{"start":{"line":50,"column":56},"end":{"line":50,"column":57}},"loc":{"start":{"line":50,"column":64},"end":{"line":50,"column":78}},"line":50},"7":{"name":"(anonymous_7)","decl":{"start":{"line":53,"column":55},"end":{"line":53,"column":56}},"loc":{"start":{"line":53,"column":63},"end":{"line":55,"column":9}},"line":53},"8":{"name":"(anonymous_8)","decl":{"start":{"line":60,"column":51},"end":{"line":60,"column":52}},"loc":{"start":{"line":60,"column":71},"end":{"line":64,"column":1}},"line":60},"9":{"name":"(anonymous_9)","decl":{"start":{"line":61,"column":53},"end":{"line":61,"column":54}},"loc":{"start":{"line":61,"column":61},"end":{"line":63,"column":5}},"line":61},"10":{"name":"(anonymous_10)","decl":{"start":{"line":66,"column":52},"end":{"line":66,"column":53}},"loc":{"start":{"line":66,"column":72},"end":{"line":70,"column":1}},"line":66},"11":{"name":"(anonymous_11)","decl":{"start":{"line":67,"column":69},"end":{"line":67,"column":70}},"loc":{"start":{"line":67,"column":77},"end":{"line":69,"column":5}},"line":67},"12":{"name":"(anonymous_12)","decl":{"start":{"line":73,"column":62},"end":{"line":73,"column":63}},"loc":{"start":{"line":73,"column":82},"end":{"line":82,"column":1}},"line":73},"13":{"name":"(anonymous_13)","decl":{"start":{"line":75,"column":86},"end":{"line":75,"column":87}},"loc":{"start":{"line":75,"column":94},"end":{"line":81,"column":5}},"line":75}},"branchMap":{"0":{"loc":{"start":{"line":31,"column":4},"end":{"line":38,"column":5}},"type":"if","locations":[{"start":{"line":31,"column":4},"end":{"line":38,"column":5}},{"start":{"line":31,"column":4},"end":{"line":38,"column":5}}],"line":31},"1":{"loc":{"start":{"line":33,"column":11},"end":{"line":38,"column":5}},"type":"if","locations":[{"start":{"line":33,"column":11},"end":{"line":38,"column":5}},{"start":{"line":33,"column":11},"end":{"line":38,"column":5}}],"line":33},"2":{"loc":{"start":{"line":36,"column":9},"end":{"line":38,"column":5}},"type":"if","locations":[{"start":{"line":36,"column":9},"end":{"line":38,"column":5}},{"start":{"line":36,"column":9},"end":{"line":38,"column":5}}],"line":36},"3":{"loc":{"start":{"line":40,"column":4},"end":{"line":56,"column":5}},"type":"if","locations":[{"start":{"line":40,"column":4},"end":{"line":56,"column":5}},{"start":{"line":40,"column":4},"end":{"line":56,"column":5}}],"line":40},"4":{"loc":{"start":{"line":44,"column":9},"end":{"line":56,"column":5}},"type":"if","locations":[{"start":{"line":44,"column":9},"end":{"line":56,"column":5}},{"start":{"line":44,"column":9},"end":{"line":56,"column":5}}],"line":44},"5":{"loc":{"start":{"line":49,"column":9},"end":{"line":56,"column":5}},"type":"if","locations":[{"start":{"line":49,"column":9},"end":{"line":56,"column":5}},{"start":{"line":49,"column":9},"end":{"line":56,"column":5}}],"line":49},"6":{"loc":{"start":{"line":76,"column":8},"end":{"line":80,"column":9}},"type":"if","locations":[{"start":{"line":76,"column":8},"end":{"line":80,"column":9}},{"start":{"line":76,"column":8},"end":{"line":80,"column":9}}],"line":76}},"s":{"0":1,"1":1,"2":1,"3":1,"4":1,"5":0,"6":0,"7":0,"8":1,"9":0,"10":0,"11":0,"12":0,"13":0,"14":0,"15":0,"16":0,"17":0,"18":0,"19":0,"20":0,"21":0,"22":0,"23":0,"24":0,"25":0,"26":0,"27":0,"28":0,"29":0,"30":1,"31":0,"32":0,"33":1,"34":0,"35":0,"36":1,"37":0,"38":0,"39":0,"40":0,"41":0,"42":1},"f":{"0":0,"1":0,"2":0,"3":0,"4":0,"5":0,"6":0,"7":0,"8":0,"9":0,"10":0,"11":0,"12":0,"13":0},"b":{"0":[0,0],"1":[0,0],"2":[0,0],"3":[0,0],"4":[0,0],"5":[0,0],"6":[0,0]},"_coverageSchema":"332fd63041d2c1bcb487cc26dd0d5f7d97098a6c","hash":"63ba808dceb74c404274740ea72f0d07cb9229e2","contentHash":"74d54cbec2aa52603cbb69db0cf48cbd_11.1.0"},"/Users/championswimmer/Development/CodingBlocks/Node/dev-submit/src/db/index.js":{"path":"/Users/championswimmer/Development/CodingBlocks/Node/dev-submit/src/db/index.js","statementMap":{"0":{"start":{"line":4,"column":15},"end":{"line":4,"column":34}},"1":{"start":{"line":5,"column":16},"end":{"line":5,"column":36}},"2":{"start":{"line":6,"column":0},"end":{"line":9,"column":1}}},"fnMap":{},"branchMap":{},"s":{"0":1,"1":1,"2":1},"f":{},"b":{},"_coverageSchema":"332fd63041d2c1bcb487cc26dd0d5f7d97098a6c","hash":"a75c7d2486d57f9181cb9d6b3d32c0acf76641cb","contentHash":"11a5ef7e71a678d9c67c70ff36d951d1_11.1.0"},"/Users/championswimmer/Development/CodingBlocks/Node/dev-submit/src/db/models.js":{"path":"/Users/championswimmer/Development/CodingBlocks/Node/dev-submit/src/db/models.js","statementMap":{"0":{"start":{"line":5,"column":18},"end":{"line":5,"column":38}},"1":{"start":{"line":6,"column":15},"end":{"line":6,"column":38}},"2":{"start":{"line":8,"column":18},"end":{"line":14,"column":2}},"3":{"start":{"line":17,"column":17},"end":{"line":20,"column":2}},"4":{"start":{"line":24,"column":17},"end":{"line":26,"column":2}},"5":{"start":{"line":29,"column":20},"end":{"line":33,"column":2}},"6":{"start":{"line":36,"column":16},"end":{"line":39,"column":2}},"7":{"start":{"line":42,"column":26},"end":{"line":42,"column":68}},"8":{"start":{"line":46,"column":25},"end":{"line":48,"column":2}},"9":{"start":{"line":52,"column":21},"end":{"line":52,"column":58}},"10":{"start":{"line":55,"column":16},"end":{"line":61,"column":2}},"11":{"start":{"line":65,"column":20},"end":{"line":71,"column":2}},"12":{"start":{"line":74,"column":18},"end":{"line":78,"column":2}},"13":{"start":{"line":81,"column":14},"end":{"line":85,"column":2}},"14":{"start":{"line":88,"column":18},"end":{"line":92,"column":2}},"15":{"start":{"line":94,"column":15},"end":{"line":97,"column":2}},"16":{"start":{"line":99,"column":0},"end":{"line":99,"column":23}},"17":{"start":{"line":100,"column":0},"end":{"line":100,"column":20}},"18":{"start":{"line":103,"column":0},"end":{"line":103,"column":32}},"19":{"start":{"line":104,"column":0},"end":{"line":107,"column":3}},"20":{"start":{"line":108,"column":0},"end":{"line":108,"column":40}},"21":{"start":{"line":109,"column":0},"end":{"line":112,"column":3}},"22":{"start":{"line":114,"column":0},"end":{"line":114,"column":64}},"23":{"start":{"line":115,"column":0},"end":{"line":115,"column":64}},"24":{"start":{"line":117,"column":0},"end":{"line":117,"column":57}},"25":{"start":{"line":118,"column":0},"end":{"line":118,"column":57}},"26":{"start":{"line":120,"column":0},"end":{"line":120,"column":65}},"27":{"start":{"line":121,"column":0},"end":{"line":121,"column":65}},"28":{"start":{"line":123,"column":0},"end":{"line":123,"column":28}},"29":{"start":{"line":124,"column":0},"end":{"line":124,"column":26}},"30":{"start":{"line":126,"column":0},"end":{"line":126,"column":27}},"31":{"start":{"line":127,"column":0},"end":{"line":127,"column":25}},"32":{"start":{"line":131,"column":0},"end":{"line":131,"column":27}},"33":{"start":{"line":132,"column":0},"end":{"line":132,"column":24}},"34":{"start":{"line":135,"column":0},"end":{"line":135,"column":26}},"35":{"start":{"line":136,"column":0},"end":{"line":136,"column":23}},"36":{"start":{"line":139,"column":0},"end":{"line":139,"column":26}},"37":{"start":{"line":140,"column":0},"end":{"line":140,"column":23}},"38":{"start":{"line":143,"column":0},"end":{"line":143,"column":27}},"39":{"start":{"line":144,"column":0},"end":{"line":144,"column":24}},"40":{"start":{"line":147,"column":0},"end":{"line":162,"column":2}}},"fnMap":{},"branchMap":{},"s":{"0":1,"1":1,"2":1,"3":1,"4":1,"5":1,"6":1,"7":1,"8":1,"9":1,"10":1,"11":1,"12":1,"13":1,"14":1,"15":1,"16":1,"17":1,"18":1,"19":1,"20":1,"21":1,"22":1,"23":1,"24":1,"25":1,"26":1,"27":1,"28":1,"29":1,"30":1,"31":1,"32":1,"33":1,"34":1,"35":1,"36":1,"37":1,"38":1,"39":1,"40":1},"f":{},"b":{},"_coverageSchema":"332fd63041d2c1bcb487cc26dd0d5f7d97098a6c","hash":"87e43c73675e9c379cbd021be0e181d741cb2b49","contentHash":"55bbb52ae829abdade3bd0bdd6b202b3_11.1.0"},"/Users/championswimmer/Development/CodingBlocks/Node/dev-submit/config.js":{"path":"/Users/championswimmer/Development/CodingBlocks/Node/dev-submit/config.js","statementMap":{"0":{"start":{"line":2,"column":19},"end":{"line":2,"column":79}},"1":{"start":{"line":4,"column":0},"end":{"line":6,"column":1}}},"fnMap":{},"branchMap":{"0":{"loc":{"start":{"line":5,"column":16},"end":{"line":5,"column":54}},"type":"binary-expr","locations":[{"start":{"line":5,"column":16},"end":{"line":5,"column":40}},{"start":{"line":5,"column":44},"end":{"line":5,"column":54}}],"line":5}},"s":{"0":1,"1":1},"f":{},"b":{"0":[1,1]},"_coverageSchema":"332fd63041d2c1bcb487cc26dd0d5f7d97098a6c","hash":"5663bd02f8bdaaafa027b20e4d683fa19801d256","contentHash":"5da8d772e0602b64257a5dac02c69fe7_11.1.0"},"/Users/championswimmer/Development/CodingBlocks/Node/dev-submit/src/db/actions/index.js":{"path":"/Users/championswimmer/Development/CodingBlocks/Node/dev-submit/src/db/actions/index.js","statementMap":{"0":{"start":{"line":4,"column":17},"end":{"line":4,"column":38}},"1":{"start":{"line":5,"column":16},"end":{"line":5,"column":36}},"2":{"start":{"line":6,"column":20},"end":{"line":6,"column":44}},"3":{"start":{"line":7,"column":17},"end":{"line":7,"column":38}},"4":{"start":{"line":8,"column":20},"end":{"line":8,"column":44}},"5":{"start":{"line":9,"column":16},"end":{"line":9,"column":36}},"6":{"start":{"line":10,"column":14},"end":{"line":10,"column":32}},"7":{"start":{"line":11,"column":25},"end":{"line":11,"column":54}},"8":{"start":{"line":12,"column":0},"end":{"line":21,"column":1}}},"fnMap":{},"branchMap":{},"s":{"0":1,"1":1,"2":1,"3":1,"4":1,"5":1,"6":1,"7":1,"8":1},"f":{},"b":{},"_coverageSchema":"332fd63041d2c1bcb487cc26dd0d5f7d97098a6c","hash":"f0c380bb18d82fe88eddfc488818021759be9063","contentHash":"45aef6740f86642f607127b5ba086994_11.1.0"},"/Users/championswimmer/Development/CodingBlocks/Node/dev-submit/src/db/actions/teachers.js":{"path":"/Users/championswimmer/Development/CodingBlocks/Node/dev-submit/src/db/actions/teachers.js","statementMap":{"0":{"start":{"line":5,"column":15},"end":{"line":5,"column":35}},"1":{"start":{"line":6,"column":15},"end":{"line":6,"column":32}},"2":{"start":{"line":11,"column":4},"end":{"line":20,"column":11}},"3":{"start":{"line":16,"column":12},"end":{"line":16,"column":23}},"4":{"start":{"line":19,"column":12},"end":{"line":19,"column":31}},"5":{"start":{"line":19,"column":21},"end":{"line":19,"column":31}},"6":{"start":{"line":26,"column":4},"end":{"line":33,"column":11}},"7":{"start":{"line":29,"column":12},"end":{"line":29,"column":23}},"8":{"start":{"line":32,"column":12},"end":{"line":32,"column":31}},"9":{"start":{"line":32,"column":21},"end":{"line":32,"column":31}},"10":{"start":{"line":39,"column":4},"end":{"line":51,"column":11}},"11":{"start":{"line":47,"column":12},"end":{"line":47,"column":23}},"12":{"start":{"line":50,"column":12},"end":{"line":50,"column":31}},"13":{"start":{"line":50,"column":21},"end":{"line":50,"column":31}},"14":{"start":{"line":57,"column":4},"end":{"line":89,"column":5}},"15":{"start":{"line":58,"column":8},"end":{"line":72,"column":15}},"16":{"start":{"line":68,"column":16},"end":{"line":68,"column":27}},"17":{"start":{"line":71,"column":16},"end":{"line":71,"column":35}},"18":{"start":{"line":71,"column":25},"end":{"line":71,"column":35}},"19":{"start":{"line":74,"column":8},"end":{"line":88,"column":15}},"20":{"start":{"line":84,"column":16},"end":{"line":84,"column":27}},"21":{"start":{"line":87,"column":16},"end":{"line":87,"column":35}},"22":{"start":{"line":87,"column":25},"end":{"line":87,"column":35}},"23":{"start":{"line":95,"column":4},"end":{"line":118,"column":11}},"24":{"start":{"line":102,"column":12},"end":{"line":114,"column":19}},"25":{"start":{"line":109,"column":20},"end":{"line":110,"column":47}},"26":{"start":{"line":109,"column":30},"end":{"line":109,"column":44}},"27":{"start":{"line":110,"column":25},"end":{"line":110,"column":47}},"28":{"start":{"line":113,"column":20},"end":{"line":113,"column":39}},"29":{"start":{"line":113,"column":29},"end":{"line":113,"column":39}},"30":{"start":{"line":117,"column":12},"end":{"line":117,"column":31}},"31":{"start":{"line":117,"column":21},"end":{"line":117,"column":31}},"32":{"start":{"line":121,"column":0},"end":{"line":127,"column":1}}},"fnMap":{"0":{"name":"addTeacher","decl":{"start":{"line":10,"column":9},"end":{"line":10,"column":19}},"loc":{"start":{"line":10,"column":34},"end":{"line":21,"column":1}},"line":10},"1":{"name":"(anonymous_1)","decl":{"start":{"line":15,"column":14},"end":{"line":15,"column":15}},"loc":{"start":{"line":15,"column":30},"end":{"line":17,"column":9}},"line":15},"2":{"name":"(anonymous_2)","decl":{"start":{"line":18,"column":15},"end":{"line":18,"column":16}},"loc":{"start":{"line":18,"column":30},"end":{"line":20,"column":9}},"line":18},"3":{"name":"getTeachers","decl":{"start":{"line":25,"column":9},"end":{"line":25,"column":20}},"loc":{"start":{"line":25,"column":27},"end":{"line":34,"column":1}},"line":25},"4":{"name":"(anonymous_4)","decl":{"start":{"line":28,"column":14},"end":{"line":28,"column":15}},"loc":{"start":{"line":28,"column":30},"end":{"line":30,"column":9}},"line":28},"5":{"name":"(anonymous_5)","decl":{"start":{"line":31,"column":15},"end":{"line":31,"column":16}},"loc":{"start":{"line":31,"column":30},"end":{"line":33,"column":9}},"line":31},"6":{"name":"searchTeacher","decl":{"start":{"line":38,"column":9},"end":{"line":38,"column":22}},"loc":{"start":{"line":38,"column":33},"end":{"line":52,"column":1}},"line":38},"7":{"name":"(anonymous_7)","decl":{"start":{"line":46,"column":14},"end":{"line":46,"column":15}},"loc":{"start":{"line":46,"column":30},"end":{"line":48,"column":9}},"line":46},"8":{"name":"(anonymous_8)","decl":{"start":{"line":49,"column":15},"end":{"line":49,"column":16}},"loc":{"start":{"line":49,"column":30},"end":{"line":51,"column":9}},"line":49},"9":{"name":"searchTeachers","decl":{"start":{"line":56,"column":9},"end":{"line":56,"column":23}},"loc":{"start":{"line":56,"column":59},"end":{"line":90,"column":1}},"line":56},"10":{"name":"(anonymous_10)","decl":{"start":{"line":67,"column":18},"end":{"line":67,"column":19}},"loc":{"start":{"line":67,"column":34},"end":{"line":69,"column":13}},"line":67},"11":{"name":"(anonymous_11)","decl":{"start":{"line":70,"column":19},"end":{"line":70,"column":20}},"loc":{"start":{"line":70,"column":34},"end":{"line":72,"column":13}},"line":70},"12":{"name":"(anonymous_12)","decl":{"start":{"line":83,"column":18},"end":{"line":83,"column":19}},"loc":{"start":{"line":83,"column":34},"end":{"line":85,"column":13}},"line":83},"13":{"name":"(anonymous_13)","decl":{"start":{"line":86,"column":19},"end":{"line":86,"column":20}},"loc":{"start":{"line":86,"column":34},"end":{"line":88,"column":13}},"line":86},"14":{"name":"deleteTeacher","decl":{"start":{"line":94,"column":9},"end":{"line":94,"column":22}},"loc":{"start":{"line":94,"column":46},"end":{"line":119,"column":1}},"line":94},"15":{"name":"(anonymous_15)","decl":{"start":{"line":101,"column":14},"end":{"line":101,"column":15}},"loc":{"start":{"line":101,"column":33},"end":{"line":115,"column":9}},"line":101},"16":{"name":"(anonymous_16)","decl":{"start":{"line":108,"column":22},"end":{"line":108,"column":23}},"loc":{"start":{"line":108,"column":38},"end":{"line":111,"column":17}},"line":108},"17":{"name":"(anonymous_17)","decl":{"start":{"line":112,"column":23},"end":{"line":112,"column":24}},"loc":{"start":{"line":112,"column":38},"end":{"line":114,"column":17}},"line":112},"18":{"name":"(anonymous_18)","decl":{"start":{"line":116,"column":15},"end":{"line":116,"column":16}},"loc":{"start":{"line":116,"column":30},"end":{"line":118,"column":9}},"line":116}},"branchMap":{"0":{"loc":{"start":{"line":19,"column":12},"end":{"line":19,"column":31}},"type":"if","locations":[{"start":{"line":19,"column":12},"end":{"line":19,"column":31}},{"start":{"line":19,"column":12},"end":{"line":19,"column":31}}],"line":19},"1":{"loc":{"start":{"line":32,"column":12},"end":{"line":32,"column":31}},"type":"if","locations":[{"start":{"line":32,"column":12},"end":{"line":32,"column":31}},{"start":{"line":32,"column":12},"end":{"line":32,"column":31}}],"line":32},"2":{"loc":{"start":{"line":50,"column":12},"end":{"line":50,"column":31}},"type":"if","locations":[{"start":{"line":50,"column":12},"end":{"line":50,"column":31}},{"start":{"line":50,"column":12},"end":{"line":50,"column":31}}],"line":50},"3":{"loc":{"start":{"line":57,"column":4},"end":{"line":89,"column":5}},"type":"if","locations":[{"start":{"line":57,"column":4},"end":{"line":89,"column":5}},{"start":{"line":57,"column":4},"end":{"line":89,"column":5}}],"line":57},"4":{"loc":{"start":{"line":71,"column":16},"end":{"line":71,"column":35}},"type":"if","locations":[{"start":{"line":71,"column":16},"end":{"line":71,"column":35}},{"start":{"line":71,"column":16},"end":{"line":71,"column":35}}],"line":71},"5":{"loc":{"start":{"line":87,"column":16},"end":{"line":87,"column":35}},"type":"if","locations":[{"start":{"line":87,"column":16},"end":{"line":87,"column":35}},{"start":{"line":87,"column":16},"end":{"line":87,"column":35}}],"line":87},"6":{"loc":{"start":{"line":109,"column":20},"end":{"line":110,"column":47}},"type":"if","locations":[{"start":{"line":109,"column":20},"end":{"line":110,"column":47}},{"start":{"line":109,"column":20},"end":{"line":110,"column":47}}],"line":109},"7":{"loc":{"start":{"line":113,"column":20},"end":{"line":113,"column":39}},"type":"if","locations":[{"start":{"line":113,"column":20},"end":{"line":113,"column":39}},{"start":{"line":113,"column":20},"end":{"line":113,"column":39}}],"line":113},"8":{"loc":{"start":{"line":117,"column":12},"end":{"line":117,"column":31}},"type":"if","locations":[{"start":{"line":117,"column":12},"end":{"line":117,"column":31}},{"start":{"line":117,"column":12},"end":{"line":117,"column":31}}],"line":117}},"s":{"0":1,"1":1,"2":1,"3":1,"4":0,"5":0,"6":0,"7":0,"8":0,"9":0,"10":0,"11":0,"12":0,"13":0,"14":0,"15":0,"16":0,"17":0,"18":0,"19":0,"20":0,"21":0,"22":0,"23":0,"24":0,"25":0,"26":0,"27":0,"28":0,"29":0,"30":0,"31":0,"32":1},"f":{"0":1,"1":1,"2":0,"3":0,"4":0,"5":0,"6":0,"7":0,"8":0,"9":0,"10":0,"11":0,"12":0,"13":0,"14":0,"15":0,"16":0,"17":0,"18":0},"b":{"0":[0,0],"1":[0,0],"2":[0,0],"3":[0,0],"4":[0,0],"5":[0,0],"6":[0,0],"7":[0,0],"8":[0,0]},"_coverageSchema":"332fd63041d2c1bcb487cc26dd0d5f7d97098a6c","hash":"06e5ee48b8e665df9a76ca141658b78c2aba7ba9","contentHash":"70a5a20ba538d842d6f7f3aae71fc1b2_11.1.0"},"/Users/championswimmer/Development/CodingBlocks/Node/dev-submit/src/db/actions/batches.js":{"path":"/Users/championswimmer/Development/CodingBlocks/Node/dev-submit/src/db/actions/batches.js","statementMap":{"0":{"start":{"line":5,"column":15},"end":{"line":5,"column":35}},"1":{"start":{"line":10,"column":4},"end":{"line":44,"column":5}},"2":{"start":{"line":11,"column":8},"end":{"line":26,"column":15}},"3":{"start":{"line":20,"column":16},"end":{"line":20,"column":33}},"4":{"start":{"line":23,"column":16},"end":{"line":25,"column":17}},"5":{"start":{"line":24,"column":20},"end":{"line":24,"column":30}},"6":{"start":{"line":28,"column":8},"end":{"line":43,"column":15}},"7":{"start":{"line":37,"column":16},"end":{"line":37,"column":33}},"8":{"start":{"line":40,"column":16},"end":{"line":42,"column":17}},"9":{"start":{"line":41,"column":20},"end":{"line":41,"column":30}},"10":{"start":{"line":49,"column":4},"end":{"line":56,"column":11}},"11":{"start":{"line":52,"column":12},"end":{"line":52,"column":29}},"12":{"start":{"line":55,"column":12},"end":{"line":55,"column":31}},"13":{"start":{"line":55,"column":21},"end":{"line":55,"column":31}},"14":{"start":{"line":61,"column":4},"end":{"line":72,"column":11}},"15":{"start":{"line":68,"column":12},"end":{"line":68,"column":29}},"16":{"start":{"line":71,"column":12},"end":{"line":71,"column":31}},"17":{"start":{"line":71,"column":21},"end":{"line":71,"column":31}},"18":{"start":{"line":77,"column":4},"end":{"line":117,"column":5}},"19":{"start":{"line":78,"column":8},"end":{"line":96,"column":9}},"20":{"start":{"line":79,"column":12},"end":{"line":86,"column":19}},"21":{"start":{"line":82,"column":20},"end":{"line":82,"column":37}},"22":{"start":{"line":85,"column":20},"end":{"line":85,"column":39}},"23":{"start":{"line":85,"column":29},"end":{"line":85,"column":39}},"24":{"start":{"line":88,"column":12},"end":{"line":95,"column":19}},"25":{"start":{"line":91,"column":20},"end":{"line":91,"column":37}},"26":{"start":{"line":94,"column":20},"end":{"line":94,"column":39}},"27":{"start":{"line":94,"column":29},"end":{"line":94,"column":39}},"28":{"start":{"line":98,"column":8},"end":{"line":116,"column":9}},"29":{"start":{"line":99,"column":12},"end":{"line":106,"column":19}},"30":{"start":{"line":102,"column":20},"end":{"line":102,"column":37}},"31":{"start":{"line":105,"column":20},"end":{"line":105,"column":39}},"32":{"start":{"line":105,"column":29},"end":{"line":105,"column":39}},"33":{"start":{"line":108,"column":12},"end":{"line":115,"column":19}},"34":{"start":{"line":111,"column":20},"end":{"line":111,"column":37}},"35":{"start":{"line":114,"column":20},"end":{"line":114,"column":39}},"36":{"start":{"line":114,"column":29},"end":{"line":114,"column":39}},"37":{"start":{"line":122,"column":4},"end":{"line":142,"column":11}},"38":{"start":{"line":129,"column":12},"end":{"line":138,"column":19}},"39":{"start":{"line":134,"column":20},"end":{"line":134,"column":47}},"40":{"start":{"line":134,"column":30},"end":{"line":134,"column":47}},"41":{"start":{"line":137,"column":20},"end":{"line":137,"column":39}},"42":{"start":{"line":137,"column":29},"end":{"line":137,"column":39}},"43":{"start":{"line":141,"column":12},"end":{"line":141,"column":31}},"44":{"start":{"line":141,"column":21},"end":{"line":141,"column":31}},"45":{"start":{"line":147,"column":4},"end":{"line":299,"column":5}},"46":{"start":{"line":148,"column":8},"end":{"line":231,"column":9}},"47":{"start":{"line":149,"column":12},"end":{"line":189,"column":13}},"48":{"start":{"line":150,"column":16},"end":{"line":168,"column":19}},"49":{"start":{"line":151,"column":20},"end":{"line":153,"column":21}},"50":{"start":{"line":152,"column":24},"end":{"line":152,"column":41}},"51":{"start":{"line":154,"column":20},"end":{"line":156,"column":21}},"52":{"start":{"line":155,"column":24},"end":{"line":155,"column":48}},"53":{"start":{"line":157,"column":20},"end":{"line":167,"column":27}},"54":{"start":{"line":163,"column":28},"end":{"line":163,"column":44}},"55":{"start":{"line":166,"column":28},"end":{"line":166,"column":47}},"56":{"start":{"line":166,"column":37},"end":{"line":166,"column":47}},"57":{"start":{"line":170,"column":16},"end":{"line":188,"column":19}},"58":{"start":{"line":171,"column":20},"end":{"line":173,"column":21}},"59":{"start":{"line":172,"column":24},"end":{"line":172,"column":41}},"60":{"start":{"line":174,"column":20},"end":{"line":176,"column":21}},"61":{"start":{"line":175,"column":24},"end":{"line":175,"column":48}},"62":{"start":{"line":177,"column":20},"end":{"line":187,"column":27}},"63":{"start":{"line":183,"column":28},"end":{"line":183,"column":45}},"64":{"start":{"line":186,"column":28},"end":{"line":186,"column":47}},"65":{"start":{"line":186,"column":37},"end":{"line":186,"column":47}},"66":{"start":{"line":191,"column":12},"end":{"line":230,"column":13}},"67":{"start":{"line":192,"column":16},"end":{"line":210,"column":19}},"68":{"start":{"line":193,"column":20},"end":{"line":195,"column":21}},"69":{"start":{"line":194,"column":24},"end":{"line":194,"column":41}},"70":{"start":{"line":196,"column":20},"end":{"line":198,"column":21}},"71":{"start":{"line":197,"column":24},"end":{"line":197,"column":48}},"72":{"start":{"line":199,"column":20},"end":{"line":209,"column":27}},"73":{"start":{"line":205,"column":28},"end":{"line":205,"column":45}},"74":{"start":{"line":208,"column":28},"end":{"line":208,"column":47}},"75":{"start":{"line":208,"column":37},"end":{"line":208,"column":47}},"76":{"start":{"line":212,"column":16},"end":{"line":229,"column":19}},"77":{"start":{"line":213,"column":20},"end":{"line":215,"column":21}},"78":{"start":{"line":214,"column":24},"end":{"line":214,"column":41}},"79":{"start":{"line":216,"column":20},"end":{"line":218,"column":21}},"80":{"start":{"line":217,"column":24},"end":{"line":217,"column":48}},"81":{"start":{"line":219,"column":20},"end":{"line":228,"column":27}},"82":{"start":{"line":224,"column":28},"end":{"line":224,"column":45}},"83":{"start":{"line":227,"column":28},"end":{"line":227,"column":47}},"84":{"start":{"line":227,"column":37},"end":{"line":227,"column":47}},"85":{"start":{"line":233,"column":8},"end":{"line":298,"column":9}},"86":{"start":{"line":234,"column":12},"end":{"line":273,"column":13}},"87":{"start":{"line":235,"column":16},"end":{"line":253,"column":19}},"88":{"start":{"line":236,"column":20},"end":{"line":238,"column":21}},"89":{"start":{"line":237,"column":24},"end":{"line":237,"column":41}},"90":{"start":{"line":239,"column":20},"end":{"line":241,"column":21}},"91":{"start":{"line":240,"column":24},"end":{"line":240,"column":48}},"92":{"start":{"line":242,"column":20},"end":{"line":252,"column":27}},"93":{"start":{"line":248,"column":28},"end":{"line":248,"column":45}},"94":{"start":{"line":251,"column":28},"end":{"line":251,"column":47}},"95":{"start":{"line":251,"column":37},"end":{"line":251,"column":47}},"96":{"start":{"line":255,"column":16},"end":{"line":272,"column":19}},"97":{"start":{"line":256,"column":20},"end":{"line":258,"column":21}},"98":{"start":{"line":257,"column":24},"end":{"line":257,"column":41}},"99":{"start":{"line":259,"column":20},"end":{"line":261,"column":21}},"100":{"start":{"line":260,"column":24},"end":{"line":260,"column":48}},"101":{"start":{"line":262,"column":20},"end":{"line":271,"column":27}},"102":{"start":{"line":267,"column":28},"end":{"line":267,"column":45}},"103":{"start":{"line":270,"column":28},"end":{"line":270,"column":47}},"104":{"start":{"line":270,"column":37},"end":{"line":270,"column":47}},"105":{"start":{"line":275,"column":12},"end":{"line":297,"column":13}},"106":{"start":{"line":277,"column":16},"end":{"line":294,"column":19}},"107":{"start":{"line":278,"column":20},"end":{"line":280,"column":21}},"108":{"start":{"line":279,"column":24},"end":{"line":279,"column":41}},"109":{"start":{"line":281,"column":20},"end":{"line":283,"column":21}},"110":{"start":{"line":282,"column":24},"end":{"line":282,"column":48}},"111":{"start":{"line":284,"column":20},"end":{"line":293,"column":27}},"112":{"start":{"line":288,"column":28},"end":{"line":288,"column":44}},"113":{"start":{"line":292,"column":28},"end":{"line":292,"column":47}},"114":{"start":{"line":292,"column":37},"end":{"line":292,"column":47}},"115":{"start":{"line":296,"column":16},"end":{"line":296,"column":32}},"116":{"start":{"line":305,"column":4},"end":{"line":316,"column":11}},"117":{"start":{"line":312,"column":12},"end":{"line":312,"column":29}},"118":{"start":{"line":315,"column":12},"end":{"line":315,"column":31}},"119":{"start":{"line":315,"column":21},"end":{"line":315,"column":31}},"120":{"start":{"line":322,"column":4},"end":{"line":332,"column":11}},"121":{"start":{"line":328,"column":12},"end":{"line":328,"column":29}},"122":{"start":{"line":331,"column":12},"end":{"line":331,"column":31}},"123":{"start":{"line":331,"column":21},"end":{"line":331,"column":31}},"124":{"start":{"line":336,"column":0},"end":{"line":347,"column":1}}},"fnMap":{"0":{"name":"addBatch","decl":{"start":{"line":9,"column":9},"end":{"line":9,"column":17}},"loc":{"start":{"line":9,"column":61},"end":{"line":45,"column":1}},"line":9},"1":{"name":"(anonymous_1)","decl":{"start":{"line":19,"column":18},"end":{"line":19,"column":19}},"loc":{"start":{"line":19,"column":34},"end":{"line":21,"column":13}},"line":19},"2":{"name":"(anonymous_2)","decl":{"start":{"line":22,"column":19},"end":{"line":22,"column":20}},"loc":{"start":{"line":22,"column":34},"end":{"line":26,"column":13}},"line":22},"3":{"name":"(anonymous_3)","decl":{"start":{"line":36,"column":18},"end":{"line":36,"column":19}},"loc":{"start":{"line":36,"column":34},"end":{"line":38,"column":13}},"line":36},"4":{"name":"(anonymous_4)","decl":{"start":{"line":39,"column":19},"end":{"line":39,"column":20}},"loc":{"start":{"line":39,"column":34},"end":{"line":43,"column":13}},"line":39},"5":{"name":"getBatches","decl":{"start":{"line":48,"column":9},"end":{"line":48,"column":19}},"loc":{"start":{"line":48,"column":35},"end":{"line":57,"column":1}},"line":48},"6":{"name":"(anonymous_6)","decl":{"start":{"line":51,"column":14},"end":{"line":51,"column":15}},"loc":{"start":{"line":51,"column":30},"end":{"line":53,"column":9}},"line":51},"7":{"name":"(anonymous_7)","decl":{"start":{"line":54,"column":15},"end":{"line":54,"column":16}},"loc":{"start":{"line":54,"column":30},"end":{"line":56,"column":9}},"line":54},"8":{"name":"searchBatch","decl":{"start":{"line":60,"column":9},"end":{"line":60,"column":20}},"loc":{"start":{"line":60,"column":31},"end":{"line":73,"column":1}},"line":60},"9":{"name":"(anonymous_9)","decl":{"start":{"line":67,"column":14},"end":{"line":67,"column":15}},"loc":{"start":{"line":67,"column":30},"end":{"line":69,"column":9}},"line":67},"10":{"name":"(anonymous_10)","decl":{"start":{"line":70,"column":15},"end":{"line":70,"column":16}},"loc":{"start":{"line":70,"column":30},"end":{"line":72,"column":9}},"line":70},"11":{"name":"searchBatches","decl":{"start":{"line":76,"column":9},"end":{"line":76,"column":22}},"loc":{"start":{"line":76,"column":70},"end":{"line":118,"column":1}},"line":76},"12":{"name":"(anonymous_12)","decl":{"start":{"line":81,"column":22},"end":{"line":81,"column":23}},"loc":{"start":{"line":81,"column":38},"end":{"line":83,"column":17}},"line":81},"13":{"name":"(anonymous_13)","decl":{"start":{"line":84,"column":23},"end":{"line":84,"column":24}},"loc":{"start":{"line":84,"column":38},"end":{"line":86,"column":17}},"line":84},"14":{"name":"(anonymous_14)","decl":{"start":{"line":90,"column":22},"end":{"line":90,"column":23}},"loc":{"start":{"line":90,"column":38},"end":{"line":92,"column":17}},"line":90},"15":{"name":"(anonymous_15)","decl":{"start":{"line":93,"column":23},"end":{"line":93,"column":24}},"loc":{"start":{"line":93,"column":38},"end":{"line":95,"column":17}},"line":93},"16":{"name":"(anonymous_16)","decl":{"start":{"line":101,"column":22},"end":{"line":101,"column":23}},"loc":{"start":{"line":101,"column":38},"end":{"line":103,"column":17}},"line":101},"17":{"name":"(anonymous_17)","decl":{"start":{"line":104,"column":23},"end":{"line":104,"column":24}},"loc":{"start":{"line":104,"column":38},"end":{"line":106,"column":17}},"line":104},"18":{"name":"(anonymous_18)","decl":{"start":{"line":110,"column":22},"end":{"line":110,"column":23}},"loc":{"start":{"line":110,"column":38},"end":{"line":112,"column":17}},"line":110},"19":{"name":"(anonymous_19)","decl":{"start":{"line":113,"column":23},"end":{"line":113,"column":24}},"loc":{"start":{"line":113,"column":38},"end":{"line":115,"column":17}},"line":113},"20":{"name":"endBatch","decl":{"start":{"line":121,"column":9},"end":{"line":121,"column":17}},"loc":{"start":{"line":121,"column":33},"end":{"line":143,"column":1}},"line":121},"21":{"name":"(anonymous_21)","decl":{"start":{"line":128,"column":14},"end":{"line":128,"column":15}},"loc":{"start":{"line":128,"column":29},"end":{"line":139,"column":9}},"line":128},"22":{"name":"(anonymous_22)","decl":{"start":{"line":133,"column":22},"end":{"line":133,"column":23}},"loc":{"start":{"line":133,"column":38},"end":{"line":135,"column":17}},"line":133},"23":{"name":"(anonymous_23)","decl":{"start":{"line":136,"column":23},"end":{"line":136,"column":24}},"loc":{"start":{"line":136,"column":38},"end":{"line":138,"column":17}},"line":136},"24":{"name":"(anonymous_24)","decl":{"start":{"line":140,"column":15},"end":{"line":140,"column":16}},"loc":{"start":{"line":140,"column":30},"end":{"line":142,"column":9}},"line":140},"25":{"name":"editBatch","decl":{"start":{"line":146,"column":9},"end":{"line":146,"column":18}},"loc":{"start":{"line":146,"column":53},"end":{"line":300,"column":1}},"line":146},"26":{"name":"(anonymous_26)","decl":{"start":{"line":150,"column":32},"end":{"line":150,"column":33}},"loc":{"start":{"line":150,"column":53},"end":{"line":168,"column":17}},"line":150},"27":{"name":"(anonymous_27)","decl":{"start":{"line":162,"column":30},"end":{"line":162,"column":31}},"loc":{"start":{"line":162,"column":46},"end":{"line":164,"column":25}},"line":162},"28":{"name":"(anonymous_28)","decl":{"start":{"line":165,"column":31},"end":{"line":165,"column":32}},"loc":{"start":{"line":165,"column":46},"end":{"line":167,"column":25}},"line":165},"29":{"name":"(anonymous_29)","decl":{"start":{"line":170,"column":32},"end":{"line":170,"column":33}},"loc":{"start":{"line":170,"column":53},"end":{"line":188,"column":17}},"line":170},"30":{"name":"(anonymous_30)","decl":{"start":{"line":182,"column":30},"end":{"line":182,"column":31}},"loc":{"start":{"line":182,"column":46},"end":{"line":184,"column":25}},"line":182},"31":{"name":"(anonymous_31)","decl":{"start":{"line":185,"column":31},"end":{"line":185,"column":32}},"loc":{"start":{"line":185,"column":46},"end":{"line":187,"column":25}},"line":185},"32":{"name":"(anonymous_32)","decl":{"start":{"line":192,"column":32},"end":{"line":192,"column":33}},"loc":{"start":{"line":192,"column":53},"end":{"line":210,"column":17}},"line":192},"33":{"name":"(anonymous_33)","decl":{"start":{"line":204,"column":30},"end":{"line":204,"column":31}},"loc":{"start":{"line":204,"column":46},"end":{"line":206,"column":25}},"line":204},"34":{"name":"(anonymous_34)","decl":{"start":{"line":207,"column":31},"end":{"line":207,"column":32}},"loc":{"start":{"line":207,"column":46},"end":{"line":209,"column":25}},"line":207},"35":{"name":"(anonymous_35)","decl":{"start":{"line":212,"column":32},"end":{"line":212,"column":33}},"loc":{"start":{"line":212,"column":53},"end":{"line":229,"column":17}},"line":212},"36":{"name":"(anonymous_36)","decl":{"start":{"line":223,"column":30},"end":{"line":223,"column":31}},"loc":{"start":{"line":223,"column":46},"end":{"line":225,"column":25}},"line":223},"37":{"name":"(anonymous_37)","decl":{"start":{"line":226,"column":31},"end":{"line":226,"column":32}},"loc":{"start":{"line":226,"column":46},"end":{"line":228,"column":25}},"line":226},"38":{"name":"(anonymous_38)","decl":{"start":{"line":235,"column":32},"end":{"line":235,"column":33}},"loc":{"start":{"line":235,"column":53},"end":{"line":253,"column":17}},"line":235},"39":{"name":"(anonymous_39)","decl":{"start":{"line":247,"column":30},"end":{"line":247,"column":31}},"loc":{"start":{"line":247,"column":46},"end":{"line":249,"column":25}},"line":247},"40":{"name":"(anonymous_40)","decl":{"start":{"line":250,"column":31},"end":{"line":250,"column":32}},"loc":{"start":{"line":250,"column":46},"end":{"line":252,"column":25}},"line":250},"41":{"name":"(anonymous_41)","decl":{"start":{"line":255,"column":32},"end":{"line":255,"column":33}},"loc":{"start":{"line":255,"column":53},"end":{"line":272,"column":17}},"line":255},"42":{"name":"(anonymous_42)","decl":{"start":{"line":266,"column":30},"end":{"line":266,"column":31}},"loc":{"start":{"line":266,"column":46},"end":{"line":268,"column":25}},"line":266},"43":{"name":"(anonymous_43)","decl":{"start":{"line":269,"column":31},"end":{"line":269,"column":32}},"loc":{"start":{"line":269,"column":46},"end":{"line":271,"column":25}},"line":269},"44":{"name":"(anonymous_44)","decl":{"start":{"line":277,"column":32},"end":{"line":277,"column":33}},"loc":{"start":{"line":277,"column":53},"end":{"line":294,"column":17}},"line":277},"45":{"name":"(anonymous_45)","decl":{"start":{"line":287,"column":30},"end":{"line":287,"column":31}},"loc":{"start":{"line":287,"column":46},"end":{"line":290,"column":25}},"line":287},"46":{"name":"(anonymous_46)","decl":{"start":{"line":291,"column":31},"end":{"line":291,"column":32}},"loc":{"start":{"line":291,"column":46},"end":{"line":293,"column":25}},"line":291},"47":{"name":"deleteBatch","decl":{"start":{"line":304,"column":9},"end":{"line":304,"column":20}},"loc":{"start":{"line":304,"column":31},"end":{"line":317,"column":1}},"line":304},"48":{"name":"(anonymous_48)","decl":{"start":{"line":311,"column":14},"end":{"line":311,"column":15}},"loc":{"start":{"line":311,"column":22},"end":{"line":313,"column":9}},"line":311},"49":{"name":"(anonymous_49)","decl":{"start":{"line":314,"column":15},"end":{"line":314,"column":16}},"loc":{"start":{"line":314,"column":24},"end":{"line":316,"column":9}},"line":314},"50":{"name":"addAssignmentToBatch","decl":{"start":{"line":321,"column":9},"end":{"line":321,"column":29}},"loc":{"start":{"line":321,"column":53},"end":{"line":333,"column":1}},"line":321},"51":{"name":"(anonymous_51)","decl":{"start":{"line":327,"column":14},"end":{"line":327,"column":15}},"loc":{"start":{"line":327,"column":30},"end":{"line":329,"column":9}},"line":327},"52":{"name":"(anonymous_52)","decl":{"start":{"line":330,"column":15},"end":{"line":330,"column":16}},"loc":{"start":{"line":330,"column":30},"end":{"line":332,"column":9}},"line":330}},"branchMap":{"0":{"loc":{"start":{"line":10,"column":4},"end":{"line":44,"column":5}},"type":"if","locations":[{"start":{"line":10,"column":4},"end":{"line":44,"column":5}},{"start":{"line":10,"column":4},"end":{"line":44,"column":5}}],"line":10},"1":{"loc":{"start":{"line":23,"column":16},"end":{"line":25,"column":17}},"type":"if","locations":[{"start":{"line":23,"column":16},"end":{"line":25,"column":17}},{"start":{"line":23,"column":16},"end":{"line":25,"column":17}}],"line":23},"2":{"loc":{"start":{"line":40,"column":16},"end":{"line":42,"column":17}},"type":"if","locations":[{"start":{"line":40,"column":16},"end":{"line":42,"column":17}},{"start":{"line":40,"column":16},"end":{"line":42,"column":17}}],"line":40},"3":{"loc":{"start":{"line":55,"column":12},"end":{"line":55,"column":31}},"type":"if","locations":[{"start":{"line":55,"column":12},"end":{"line":55,"column":31}},{"start":{"line":55,"column":12},"end":{"line":55,"column":31}}],"line":55},"4":{"loc":{"start":{"line":71,"column":12},"end":{"line":71,"column":31}},"type":"if","locations":[{"start":{"line":71,"column":12},"end":{"line":71,"column":31}},{"start":{"line":71,"column":12},"end":{"line":71,"column":31}}],"line":71},"5":{"loc":{"start":{"line":77,"column":4},"end":{"line":117,"column":5}},"type":"if","locations":[{"start":{"line":77,"column":4},"end":{"line":117,"column":5}},{"start":{"line":77,"column":4},"end":{"line":117,"column":5}}],"line":77},"6":{"loc":{"start":{"line":78,"column":8},"end":{"line":96,"column":9}},"type":"if","locations":[{"start":{"line":78,"column":8},"end":{"line":96,"column":9}},{"start":{"line":78,"column":8},"end":{"line":96,"column":9}}],"line":78},"7":{"loc":{"start":{"line":85,"column":20},"end":{"line":85,"column":39}},"type":"if","locations":[{"start":{"line":85,"column":20},"end":{"line":85,"column":39}},{"start":{"line":85,"column":20},"end":{"line":85,"column":39}}],"line":85},"8":{"loc":{"start":{"line":94,"column":20},"end":{"line":94,"column":39}},"type":"if","locations":[{"start":{"line":94,"column":20},"end":{"line":94,"column":39}},{"start":{"line":94,"column":20},"end":{"line":94,"column":39}}],"line":94},"9":{"loc":{"start":{"line":98,"column":8},"end":{"line":116,"column":9}},"type":"if","locations":[{"start":{"line":98,"column":8},"end":{"line":116,"column":9}},{"start":{"line":98,"column":8},"end":{"line":116,"column":9}}],"line":98},"10":{"loc":{"start":{"line":105,"column":20},"end":{"line":105,"column":39}},"type":"if","locations":[{"start":{"line":105,"column":20},"end":{"line":105,"column":39}},{"start":{"line":105,"column":20},"end":{"line":105,"column":39}}],"line":105},"11":{"loc":{"start":{"line":114,"column":20},"end":{"line":114,"column":39}},"type":"if","locations":[{"start":{"line":114,"column":20},"end":{"line":114,"column":39}},{"start":{"line":114,"column":20},"end":{"line":114,"column":39}}],"line":114},"12":{"loc":{"start":{"line":134,"column":20},"end":{"line":134,"column":47}},"type":"if","locations":[{"start":{"line":134,"column":20},"end":{"line":134,"column":47}},{"start":{"line":134,"column":20},"end":{"line":134,"column":47}}],"line":134},"13":{"loc":{"start":{"line":137,"column":20},"end":{"line":137,"column":39}},"type":"if","locations":[{"start":{"line":137,"column":20},"end":{"line":137,"column":39}},{"start":{"line":137,"column":20},"end":{"line":137,"column":39}}],"line":137},"14":{"loc":{"start":{"line":141,"column":12},"end":{"line":141,"column":31}},"type":"if","locations":[{"start":{"line":141,"column":12},"end":{"line":141,"column":31}},{"start":{"line":141,"column":12},"end":{"line":141,"column":31}}],"line":141},"15":{"loc":{"start":{"line":147,"column":4},"end":{"line":299,"column":5}},"type":"if","locations":[{"start":{"line":147,"column":4},"end":{"line":299,"column":5}},{"start":{"line":147,"column":4},"end":{"line":299,"column":5}}],"line":147},"16":{"loc":{"start":{"line":148,"column":8},"end":{"line":231,"column":9}},"type":"if","locations":[{"start":{"line":148,"column":8},"end":{"line":231,"column":9}},{"start":{"line":148,"column":8},"end":{"line":231,"column":9}}],"line":148},"17":{"loc":{"start":{"line":149,"column":12},"end":{"line":189,"column":13}},"type":"if","locations":[{"start":{"line":149,"column":12},"end":{"line":189,"column":13}},{"start":{"line":149,"column":12},"end":{"line":189,"column":13}}],"line":149},"18":{"loc":{"start":{"line":151,"column":20},"end":{"line":153,"column":21}},"type":"if","locations":[{"start":{"line":151,"column":20},"end":{"line":153,"column":21}},{"start":{"line":151,"column":20},"end":{"line":153,"column":21}}],"line":151},"19":{"loc":{"start":{"line":154,"column":20},"end":{"line":156,"column":21}},"type":"if","locations":[{"start":{"line":154,"column":20},"end":{"line":156,"column":21}},{"start":{"line":154,"column":20},"end":{"line":156,"column":21}}],"line":154},"20":{"loc":{"start":{"line":166,"column":28},"end":{"line":166,"column":47}},"type":"if","locations":[{"start":{"line":166,"column":28},"end":{"line":166,"column":47}},{"start":{"line":166,"column":28},"end":{"line":166,"column":47}}],"line":166},"21":{"loc":{"start":{"line":171,"column":20},"end":{"line":173,"column":21}},"type":"if","locations":[{"start":{"line":171,"column":20},"end":{"line":173,"column":21}},{"start":{"line":171,"column":20},"end":{"line":173,"column":21}}],"line":171},"22":{"loc":{"start":{"line":174,"column":20},"end":{"line":176,"column":21}},"type":"if","locations":[{"start":{"line":174,"column":20},"end":{"line":176,"column":21}},{"start":{"line":174,"column":20},"end":{"line":176,"column":21}}],"line":174},"23":{"loc":{"start":{"line":186,"column":28},"end":{"line":186,"column":47}},"type":"if","locations":[{"start":{"line":186,"column":28},"end":{"line":186,"column":47}},{"start":{"line":186,"column":28},"end":{"line":186,"column":47}}],"line":186},"24":{"loc":{"start":{"line":191,"column":12},"end":{"line":230,"column":13}},"type":"if","locations":[{"start":{"line":191,"column":12},"end":{"line":230,"column":13}},{"start":{"line":191,"column":12},"end":{"line":230,"column":13}}],"line":191},"25":{"loc":{"start":{"line":193,"column":20},"end":{"line":195,"column":21}},"type":"if","locations":[{"start":{"line":193,"column":20},"end":{"line":195,"column":21}},{"start":{"line":193,"column":20},"end":{"line":195,"column":21}}],"line":193},"26":{"loc":{"start":{"line":196,"column":20},"end":{"line":198,"column":21}},"type":"if","locations":[{"start":{"line":196,"column":20},"end":{"line":198,"column":21}},{"start":{"line":196,"column":20},"end":{"line":198,"column":21}}],"line":196},"27":{"loc":{"start":{"line":208,"column":28},"end":{"line":208,"column":47}},"type":"if","locations":[{"start":{"line":208,"column":28},"end":{"line":208,"column":47}},{"start":{"line":208,"column":28},"end":{"line":208,"column":47}}],"line":208},"28":{"loc":{"start":{"line":213,"column":20},"end":{"line":215,"column":21}},"type":"if","locations":[{"start":{"line":213,"column":20},"end":{"line":215,"column":21}},{"start":{"line":213,"column":20},"end":{"line":215,"column":21}}],"line":213},"29":{"loc":{"start":{"line":216,"column":20},"end":{"line":218,"column":21}},"type":"if","locations":[{"start":{"line":216,"column":20},"end":{"line":218,"column":21}},{"start":{"line":216,"column":20},"end":{"line":218,"column":21}}],"line":216},"30":{"loc":{"start":{"line":227,"column":28},"end":{"line":227,"column":47}},"type":"if","locations":[{"start":{"line":227,"column":28},"end":{"line":227,"column":47}},{"start":{"line":227,"column":28},"end":{"line":227,"column":47}}],"line":227},"31":{"loc":{"start":{"line":233,"column":8},"end":{"line":298,"column":9}},"type":"if","locations":[{"start":{"line":233,"column":8},"end":{"line":298,"column":9}},{"start":{"line":233,"column":8},"end":{"line":298,"column":9}}],"line":233},"32":{"loc":{"start":{"line":234,"column":12},"end":{"line":273,"column":13}},"type":"if","locations":[{"start":{"line":234,"column":12},"end":{"line":273,"column":13}},{"start":{"line":234,"column":12},"end":{"line":273,"column":13}}],"line":234},"33":{"loc":{"start":{"line":236,"column":20},"end":{"line":238,"column":21}},"type":"if","locations":[{"start":{"line":236,"column":20},"end":{"line":238,"column":21}},{"start":{"line":236,"column":20},"end":{"line":238,"column":21}}],"line":236},"34":{"loc":{"start":{"line":239,"column":20},"end":{"line":241,"column":21}},"type":"if","locations":[{"start":{"line":239,"column":20},"end":{"line":241,"column":21}},{"start":{"line":239,"column":20},"end":{"line":241,"column":21}}],"line":239},"35":{"loc":{"start":{"line":251,"column":28},"end":{"line":251,"column":47}},"type":"if","locations":[{"start":{"line":251,"column":28},"end":{"line":251,"column":47}},{"start":{"line":251,"column":28},"end":{"line":251,"column":47}}],"line":251},"36":{"loc":{"start":{"line":256,"column":20},"end":{"line":258,"column":21}},"type":"if","locations":[{"start":{"line":256,"column":20},"end":{"line":258,"column":21}},{"start":{"line":256,"column":20},"end":{"line":258,"column":21}}],"line":256},"37":{"loc":{"start":{"line":259,"column":20},"end":{"line":261,"column":21}},"type":"if","locations":[{"start":{"line":259,"column":20},"end":{"line":261,"column":21}},{"start":{"line":259,"column":20},"end":{"line":261,"column":21}}],"line":259},"38":{"loc":{"start":{"line":270,"column":28},"end":{"line":270,"column":47}},"type":"if","locations":[{"start":{"line":270,"column":28},"end":{"line":270,"column":47}},{"start":{"line":270,"column":28},"end":{"line":270,"column":47}}],"line":270},"39":{"loc":{"start":{"line":275,"column":12},"end":{"line":297,"column":13}},"type":"if","locations":[{"start":{"line":275,"column":12},"end":{"line":297,"column":13}},{"start":{"line":275,"column":12},"end":{"line":297,"column":13}}],"line":275},"40":{"loc":{"start":{"line":278,"column":20},"end":{"line":280,"column":21}},"type":"if","locations":[{"start":{"line":278,"column":20},"end":{"line":280,"column":21}},{"start":{"line":278,"column":20},"end":{"line":280,"column":21}}],"line":278},"41":{"loc":{"start":{"line":281,"column":20},"end":{"line":283,"column":21}},"type":"if","locations":[{"start":{"line":281,"column":20},"end":{"line":283,"column":21}},{"start":{"line":281,"column":20},"end":{"line":283,"column":21}}],"line":281},"42":{"loc":{"start":{"line":292,"column":28},"end":{"line":292,"column":47}},"type":"if","locations":[{"start":{"line":292,"column":28},"end":{"line":292,"column":47}},{"start":{"line":292,"column":28},"end":{"line":292,"column":47}}],"line":292},"43":{"loc":{"start":{"line":315,"column":12},"end":{"line":315,"column":31}},"type":"if","locations":[{"start":{"line":315,"column":12},"end":{"line":315,"column":31}},{"start":{"line":315,"column":12},"end":{"line":315,"column":31}}],"line":315},"44":{"loc":{"start":{"line":331,"column":12},"end":{"line":331,"column":31}},"type":"if","locations":[{"start":{"line":331,"column":12},"end":{"line":331,"column":31}},{"start":{"line":331,"column":12},"end":{"line":331,"column":31}}],"line":331}},"s":{"0":1,"1":1,"2":0,"3":0,"4":0,"5":0,"6":1,"7":1,"8":0,"9":0,"10":4,"11":4,"12":0,"13":0,"14":2,"15":2,"16":0,"17":0,"18":0,"19":0,"20":0,"21":0,"22":0,"23":0,"24":0,"25":0,"26":0,"27":0,"28":0,"29":0,"30":0,"31":0,"32":0,"33":0,"34":0,"35":0,"36":0,"37":0,"38":0,"39":0,"40":0,"41":0,"42":0,"43":0,"44":0,"45":2,"46":1,"47":1,"48":1,"49":1,"50":0,"51":1,"52":0,"53":1,"54":1,"55":0,"56":0,"57":0,"58":0,"59":0,"60":0,"61":0,"62":0,"63":0,"64":0,"65":0,"66":0,"67":0,"68":0,"69":0,"70":0,"71":0,"72":0,"73":0,"74":0,"75":0,"76":0,"77":0,"78":0,"79":0,"80":0,"81":0,"82":0,"83":0,"84":0,"85":1,"86":1,"87":1,"88":1,"89":0,"90":1,"91":1,"92":0,"93":0,"94":0,"95":0,"96":0,"97":0,"98":0,"99":0,"100":0,"101":0,"102":0,"103":0,"104":0,"105":0,"106":0,"107":0,"108":0,"109":0,"110":0,"111":0,"112":0,"113":0,"114":0,"115":0,"116":2,"117":2,"118":0,"119":0,"120":0,"121":0,"122":0,"123":0,"124":1},"f":{"0":1,"1":0,"2":0,"3":1,"4":0,"5":4,"6":4,"7":0,"8":2,"9":2,"10":0,"11":0,"12":0,"13":0,"14":0,"15":0,"16":0,"17":0,"18":0,"19":0,"20":0,"21":0,"22":0,"23":0,"24":0,"25":2,"26":1,"27":1,"28":0,"29":0,"30":0,"31":0,"32":0,"33":0,"34":0,"35":0,"36":0,"37":0,"38":1,"39":0,"40":0,"41":0,"42":0,"43":0,"44":0,"45":0,"46":0,"47":2,"48":2,"49":0,"50":0,"51":0,"52":0},"b":{"0":[0,1],"1":[0,0],"2":[0,0],"3":[0,0],"4":[0,0],"5":[0,0],"6":[0,0],"7":[0,0],"8":[0,0],"9":[0,0],"10":[0,0],"11":[0,0],"12":[0,0],"13":[0,0],"14":[0,0],"15":[1,1],"16":[1,0],"17":[1,0],"18":[0,1],"19":[0,1],"20":[0,0],"21":[0,0],"22":[0,0],"23":[0,0],"24":[0,0],"25":[0,0],"26":[0,0],"27":[0,0],"28":[0,0],"29":[0,0],"30":[0,0],"31":[1,0],"32":[1,0],"33":[0,1],"34":[1,0],"35":[0,0],"36":[0,0],"37":[0,0],"38":[0,0],"39":[0,0],"40":[0,0],"41":[0,0],"42":[0,0],"43":[0,0],"44":[0,0]},"_coverageSchema":"332fd63041d2c1bcb487cc26dd0d5f7d97098a6c","hash":"09dfedbd5220a371b9dcc2a6dc3586fa70437b76","contentHash":"4bc96c01746f02b81faef6c065ab2059_11.1.0"},"/Users/championswimmer/Development/CodingBlocks/Node/dev-submit/src/db/actions/assignments.js":{"path":"/Users/championswimmer/Development/CodingBlocks/Node/dev-submit/src/db/actions/assignments.js","statementMap":{"0":{"start":{"line":5,"column":16},"end":{"line":5,"column":36}},"1":{"start":{"line":6,"column":13},"end":{"line":6,"column":33}},"2":{"start":{"line":11,"column":4},"end":{"line":25,"column":11}},"3":{"start":{"line":17,"column":12},"end":{"line":21,"column":30}},"4":{"start":{"line":18,"column":16},"end":{"line":18,"column":27}},"5":{"start":{"line":19,"column":16},"end":{"line":20,"column":19}},"6":{"start":{"line":21,"column":19},"end":{"line":21,"column":30}},"7":{"start":{"line":24,"column":12},"end":{"line":24,"column":31}},"8":{"start":{"line":24,"column":21},"end":{"line":24,"column":31}},"9":{"start":{"line":30,"column":4},"end":{"line":39,"column":11}},"10":{"start":{"line":35,"column":12},"end":{"line":35,"column":23}},"11":{"start":{"line":38,"column":12},"end":{"line":38,"column":31}},"12":{"start":{"line":38,"column":21},"end":{"line":38,"column":31}},"13":{"start":{"line":44,"column":4},"end":{"line":55,"column":11}},"14":{"start":{"line":51,"column":12},"end":{"line":51,"column":23}},"15":{"start":{"line":54,"column":12},"end":{"line":54,"column":31}},"16":{"start":{"line":54,"column":21},"end":{"line":54,"column":31}},"17":{"start":{"line":60,"column":4},"end":{"line":87,"column":11}},"18":{"start":{"line":67,"column":22},"end":{"line":67,"column":24}},"19":{"start":{"line":68,"column":12},"end":{"line":68,"column":51}},"20":{"start":{"line":68,"column":34},"end":{"line":68,"column":51}},"21":{"start":{"line":69,"column":12},"end":{"line":83,"column":13}},"22":{"start":{"line":70,"column":16},"end":{"line":82,"column":23}},"23":{"start":{"line":77,"column":24},"end":{"line":77,"column":43}},"24":{"start":{"line":78,"column":24},"end":{"line":78,"column":65}},"25":{"start":{"line":78,"column":55},"end":{"line":78,"column":65}},"26":{"start":{"line":81,"column":24},"end":{"line":81,"column":43}},"27":{"start":{"line":81,"column":33},"end":{"line":81,"column":43}},"28":{"start":{"line":86,"column":12},"end":{"line":86,"column":31}},"29":{"start":{"line":86,"column":21},"end":{"line":86,"column":31}},"30":{"start":{"line":92,"column":4},"end":{"line":119,"column":5}},"31":{"start":{"line":93,"column":8},"end":{"line":105,"column":11}},"32":{"start":{"line":94,"column":12},"end":{"line":104,"column":19}},"33":{"start":{"line":100,"column":20},"end":{"line":100,"column":31}},"34":{"start":{"line":103,"column":20},"end":{"line":103,"column":39}},"35":{"start":{"line":103,"column":29},"end":{"line":103,"column":39}},"36":{"start":{"line":107,"column":7},"end":{"line":118,"column":11}},"37":{"start":{"line":108,"column":12},"end":{"line":117,"column":19}},"38":{"start":{"line":113,"column":20},"end":{"line":113,"column":31}},"39":{"start":{"line":116,"column":20},"end":{"line":116,"column":39}},"40":{"start":{"line":116,"column":29},"end":{"line":116,"column":39}},"41":{"start":{"line":124,"column":4},"end":{"line":168,"column":11}},"42":{"start":{"line":131,"column":12},"end":{"line":164,"column":19}},"43":{"start":{"line":138,"column":20},"end":{"line":160,"column":27}},"44":{"start":{"line":145,"column":28},"end":{"line":156,"column":35}},"45":{"start":{"line":152,"column":36},"end":{"line":152,"column":50}},"46":{"start":{"line":155,"column":36},"end":{"line":155,"column":55}},"47":{"start":{"line":155,"column":45},"end":{"line":155,"column":55}},"48":{"start":{"line":159,"column":28},"end":{"line":159,"column":47}},"49":{"start":{"line":159,"column":37},"end":{"line":159,"column":47}},"50":{"start":{"line":163,"column":20},"end":{"line":163,"column":39}},"51":{"start":{"line":163,"column":29},"end":{"line":163,"column":39}},"52":{"start":{"line":167,"column":12},"end":{"line":167,"column":31}},"53":{"start":{"line":167,"column":21},"end":{"line":167,"column":31}},"54":{"start":{"line":171,"column":0},"end":{"line":178,"column":1}}},"fnMap":{"0":{"name":"addAssignment","decl":{"start":{"line":10,"column":9},"end":{"line":10,"column":22}},"loc":{"start":{"line":10,"column":50},"end":{"line":26,"column":1}},"line":10},"1":{"name":"(anonymous_1)","decl":{"start":{"line":16,"column":14},"end":{"line":16,"column":15}},"loc":{"start":{"line":16,"column":30},"end":{"line":22,"column":9}},"line":16},"2":{"name":"(anonymous_2)","decl":{"start":{"line":19,"column":63},"end":{"line":19,"column":64}},"loc":{"start":{"line":19,"column":69},"end":{"line":20,"column":17}},"line":19},"3":{"name":"(anonymous_3)","decl":{"start":{"line":23,"column":15},"end":{"line":23,"column":16}},"loc":{"start":{"line":23,"column":30},"end":{"line":25,"column":9}},"line":23},"4":{"name":"getAssignments","decl":{"start":{"line":29,"column":9},"end":{"line":29,"column":23}},"loc":{"start":{"line":29,"column":39},"end":{"line":40,"column":1}},"line":29},"5":{"name":"(anonymous_5)","decl":{"start":{"line":34,"column":14},"end":{"line":34,"column":15}},"loc":{"start":{"line":34,"column":30},"end":{"line":36,"column":9}},"line":34},"6":{"name":"(anonymous_6)","decl":{"start":{"line":37,"column":15},"end":{"line":37,"column":16}},"loc":{"start":{"line":37,"column":30},"end":{"line":39,"column":9}},"line":37},"7":{"name":"searchAssignment","decl":{"start":{"line":43,"column":9},"end":{"line":43,"column":25}},"loc":{"start":{"line":43,"column":36},"end":{"line":56,"column":1}},"line":43},"8":{"name":"(anonymous_8)","decl":{"start":{"line":50,"column":14},"end":{"line":50,"column":15}},"loc":{"start":{"line":50,"column":30},"end":{"line":52,"column":9}},"line":50},"9":{"name":"(anonymous_9)","decl":{"start":{"line":53,"column":15},"end":{"line":53,"column":16}},"loc":{"start":{"line":53,"column":30},"end":{"line":55,"column":9}},"line":53},"10":{"name":"findAssignmentsInBatch","decl":{"start":{"line":59,"column":9},"end":{"line":59,"column":31}},"loc":{"start":{"line":59,"column":47},"end":{"line":88,"column":1}},"line":59},"11":{"name":"(anonymous_11)","decl":{"start":{"line":66,"column":14},"end":{"line":66,"column":15}},"loc":{"start":{"line":66,"column":30},"end":{"line":84,"column":9}},"line":66},"12":{"name":"(anonymous_12)","decl":{"start":{"line":76,"column":26},"end":{"line":76,"column":27}},"loc":{"start":{"line":76,"column":46},"end":{"line":79,"column":21}},"line":76},"13":{"name":"(anonymous_13)","decl":{"start":{"line":80,"column":27},"end":{"line":80,"column":28}},"loc":{"start":{"line":80,"column":42},"end":{"line":82,"column":21}},"line":80},"14":{"name":"(anonymous_14)","decl":{"start":{"line":85,"column":15},"end":{"line":85,"column":16}},"loc":{"start":{"line":85,"column":30},"end":{"line":87,"column":9}},"line":85},"15":{"name":"editAssignment","decl":{"start":{"line":91,"column":9},"end":{"line":91,"column":23}},"loc":{"start":{"line":91,"column":46},"end":{"line":120,"column":1}},"line":91},"16":{"name":"(anonymous_16)","decl":{"start":{"line":93,"column":29},"end":{"line":93,"column":30}},"loc":{"start":{"line":93,"column":45},"end":{"line":105,"column":9}},"line":93},"17":{"name":"(anonymous_17)","decl":{"start":{"line":99,"column":22},"end":{"line":99,"column":23}},"loc":{"start":{"line":99,"column":38},"end":{"line":101,"column":17}},"line":99},"18":{"name":"(anonymous_18)","decl":{"start":{"line":102,"column":23},"end":{"line":102,"column":24}},"loc":{"start":{"line":102,"column":38},"end":{"line":104,"column":17}},"line":102},"19":{"name":"(anonymous_19)","decl":{"start":{"line":107,"column":28},"end":{"line":107,"column":29}},"loc":{"start":{"line":107,"column":44},"end":{"line":118,"column":9}},"line":107},"20":{"name":"(anonymous_20)","decl":{"start":{"line":112,"column":22},"end":{"line":112,"column":23}},"loc":{"start":{"line":112,"column":38},"end":{"line":114,"column":17}},"line":112},"21":{"name":"(anonymous_21)","decl":{"start":{"line":115,"column":23},"end":{"line":115,"column":24}},"loc":{"start":{"line":115,"column":38},"end":{"line":117,"column":17}},"line":115},"22":{"name":"deleteAssignment","decl":{"start":{"line":123,"column":9},"end":{"line":123,"column":25}},"loc":{"start":{"line":123,"column":46},"end":{"line":169,"column":1}},"line":123},"23":{"name":"(anonymous_23)","decl":{"start":{"line":130,"column":14},"end":{"line":130,"column":15}},"loc":{"start":{"line":130,"column":26},"end":{"line":165,"column":9}},"line":130},"24":{"name":"(anonymous_24)","decl":{"start":{"line":137,"column":22},"end":{"line":137,"column":23}},"loc":{"start":{"line":137,"column":34},"end":{"line":161,"column":17}},"line":137},"25":{"name":"(anonymous_25)","decl":{"start":{"line":144,"column":30},"end":{"line":144,"column":31}},"loc":{"start":{"line":144,"column":49},"end":{"line":157,"column":25}},"line":144},"26":{"name":"(anonymous_26)","decl":{"start":{"line":151,"column":38},"end":{"line":151,"column":39}},"loc":{"start":{"line":151,"column":50},"end":{"line":153,"column":33}},"line":151},"27":{"name":"(anonymous_27)","decl":{"start":{"line":154,"column":39},"end":{"line":154,"column":40}},"loc":{"start":{"line":154,"column":54},"end":{"line":156,"column":33}},"line":154},"28":{"name":"(anonymous_28)","decl":{"start":{"line":158,"column":31},"end":{"line":158,"column":32}},"loc":{"start":{"line":158,"column":46},"end":{"line":160,"column":25}},"line":158},"29":{"name":"(anonymous_29)","decl":{"start":{"line":162,"column":23},"end":{"line":162,"column":24}},"loc":{"start":{"line":162,"column":38},"end":{"line":164,"column":17}},"line":162},"30":{"name":"(anonymous_30)","decl":{"start":{"line":166,"column":15},"end":{"line":166,"column":16}},"loc":{"start":{"line":166,"column":30},"end":{"line":168,"column":9}},"line":166}},"branchMap":{"0":{"loc":{"start":{"line":17,"column":12},"end":{"line":21,"column":30}},"type":"if","locations":[{"start":{"line":17,"column":12},"end":{"line":21,"column":30}},{"start":{"line":17,"column":12},"end":{"line":21,"column":30}}],"line":17},"1":{"loc":{"start":{"line":24,"column":12},"end":{"line":24,"column":31}},"type":"if","locations":[{"start":{"line":24,"column":12},"end":{"line":24,"column":31}},{"start":{"line":24,"column":12},"end":{"line":24,"column":31}}],"line":24},"2":{"loc":{"start":{"line":38,"column":12},"end":{"line":38,"column":31}},"type":"if","locations":[{"start":{"line":38,"column":12},"end":{"line":38,"column":31}},{"start":{"line":38,"column":12},"end":{"line":38,"column":31}}],"line":38},"3":{"loc":{"start":{"line":54,"column":12},"end":{"line":54,"column":31}},"type":"if","locations":[{"start":{"line":54,"column":12},"end":{"line":54,"column":31}},{"start":{"line":54,"column":12},"end":{"line":54,"column":31}}],"line":54},"4":{"loc":{"start":{"line":68,"column":12},"end":{"line":68,"column":51}},"type":"if","locations":[{"start":{"line":68,"column":12},"end":{"line":68,"column":51}},{"start":{"line":68,"column":12},"end":{"line":68,"column":51}}],"line":68},"5":{"loc":{"start":{"line":78,"column":24},"end":{"line":78,"column":65}},"type":"if","locations":[{"start":{"line":78,"column":24},"end":{"line":78,"column":65}},{"start":{"line":78,"column":24},"end":{"line":78,"column":65}}],"line":78},"6":{"loc":{"start":{"line":81,"column":24},"end":{"line":81,"column":43}},"type":"if","locations":[{"start":{"line":81,"column":24},"end":{"line":81,"column":43}},{"start":{"line":81,"column":24},"end":{"line":81,"column":43}}],"line":81},"7":{"loc":{"start":{"line":86,"column":12},"end":{"line":86,"column":31}},"type":"if","locations":[{"start":{"line":86,"column":12},"end":{"line":86,"column":31}},{"start":{"line":86,"column":12},"end":{"line":86,"column":31}}],"line":86},"8":{"loc":{"start":{"line":92,"column":4},"end":{"line":119,"column":5}},"type":"if","locations":[{"start":{"line":92,"column":4},"end":{"line":119,"column":5}},{"start":{"line":92,"column":4},"end":{"line":119,"column":5}}],"line":92},"9":{"loc":{"start":{"line":103,"column":20},"end":{"line":103,"column":39}},"type":"if","locations":[{"start":{"line":103,"column":20},"end":{"line":103,"column":39}},{"start":{"line":103,"column":20},"end":{"line":103,"column":39}}],"line":103},"10":{"loc":{"start":{"line":116,"column":20},"end":{"line":116,"column":39}},"type":"if","locations":[{"start":{"line":116,"column":20},"end":{"line":116,"column":39}},{"start":{"line":116,"column":20},"end":{"line":116,"column":39}}],"line":116},"11":{"loc":{"start":{"line":155,"column":36},"end":{"line":155,"column":55}},"type":"if","locations":[{"start":{"line":155,"column":36},"end":{"line":155,"column":55}},{"start":{"line":155,"column":36},"end":{"line":155,"column":55}}],"line":155},"12":{"loc":{"start":{"line":159,"column":28},"end":{"line":159,"column":47}},"type":"if","locations":[{"start":{"line":159,"column":28},"end":{"line":159,"column":47}},{"start":{"line":159,"column":28},"end":{"line":159,"column":47}}],"line":159},"13":{"loc":{"start":{"line":163,"column":20},"end":{"line":163,"column":39}},"type":"if","locations":[{"start":{"line":163,"column":20},"end":{"line":163,"column":39}},{"start":{"line":163,"column":20},"end":{"line":163,"column":39}}],"line":163},"14":{"loc":{"start":{"line":167,"column":12},"end":{"line":167,"column":31}},"type":"if","locations":[{"start":{"line":167,"column":12},"end":{"line":167,"column":31}},{"start":{"line":167,"column":12},"end":{"line":167,"column":31}}],"line":167}},"s":{"0":1,"1":1,"2":0,"3":0,"4":0,"5":0,"6":0,"7":0,"8":0,"9":0,"10":0,"11":0,"12":0,"13":0,"14":0,"15":0,"16":0,"17":0,"18":0,"19":0,"20":0,"21":0,"22":0,"23":0,"24":0,"25":0,"26":0,"27":0,"28":0,"29":0,"30":0,"31":0,"32":0,"33":0,"34":0,"35":0,"36":0,"37":0,"38":0,"39":0,"40":0,"41":0,"42":0,"43":0,"44":0,"45":0,"46":0,"47":0,"48":0,"49":0,"50":0,"51":0,"52":0,"53":0,"54":1},"f":{"0":0,"1":0,"2":0,"3":0,"4":0,"5":0,"6":0,"7":0,"8":0,"9":0,"10":0,"11":0,"12":0,"13":0,"14":0,"15":0,"16":0,"17":0,"18":0,"19":0,"20":0,"21":0,"22":0,"23":0,"24":0,"25":0,"26":0,"27":0,"28":0,"29":0,"30":0},"b":{"0":[0,0],"1":[0,0],"2":[0,0],"3":[0,0],"4":[0,0],"5":[0,0],"6":[0,0],"7":[0,0],"8":[0,0],"9":[0,0],"10":[0,0],"11":[0,0],"12":[0,0],"13":[0,0],"14":[0,0]},"_coverageSchema":"332fd63041d2c1bcb487cc26dd0d5f7d97098a6c","hash":"98e687c4a44fdb597dc0f1bef1fb733a5667b448","contentHash":"f6adffd581137258df6fb67f34c02745_11.1.0"},"/Users/championswimmer/Development/CodingBlocks/Node/dev-submit/src/db/actions/students.js":{"path":"/Users/championswimmer/Development/CodingBlocks/Node/dev-submit/src/db/actions/students.js","statementMap":{"0":{"start":{"line":4,"column":15},"end":{"line":4,"column":35}},"1":{"start":{"line":5,"column":15},"end":{"line":5,"column":32}},"2":{"start":{"line":10,"column":4},"end":{"line":21,"column":11}},"3":{"start":{"line":16,"column":12},"end":{"line":17,"column":28}},"4":{"start":{"line":16,"column":23},"end":{"line":16,"column":63}},"5":{"start":{"line":17,"column":17},"end":{"line":17,"column":28}},"6":{"start":{"line":20,"column":12},"end":{"line":20,"column":31}},"7":{"start":{"line":20,"column":21},"end":{"line":20,"column":31}},"8":{"start":{"line":27,"column":4},"end":{"line":36,"column":11}},"9":{"start":{"line":32,"column":12},"end":{"line":32,"column":23}},"10":{"start":{"line":35,"column":12},"end":{"line":35,"column":31}},"11":{"start":{"line":35,"column":21},"end":{"line":35,"column":31}},"12":{"start":{"line":42,"column":4},"end":{"line":52,"column":11}},"13":{"start":{"line":48,"column":12},"end":{"line":48,"column":23}},"14":{"start":{"line":51,"column":12},"end":{"line":51,"column":31}},"15":{"start":{"line":51,"column":21},"end":{"line":51,"column":31}},"16":{"start":{"line":70,"column":4},"end":{"line":121,"column":5}},"17":{"start":{"line":71,"column":8},"end":{"line":86,"column":15}},"18":{"start":{"line":82,"column":16},"end":{"line":82,"column":27}},"19":{"start":{"line":85,"column":16},"end":{"line":85,"column":35}},"20":{"start":{"line":85,"column":25},"end":{"line":85,"column":35}},"21":{"start":{"line":87,"column":11},"end":{"line":121,"column":5}},"22":{"start":{"line":88,"column":8},"end":{"line":95,"column":15}},"23":{"start":{"line":91,"column":16},"end":{"line":91,"column":27}},"24":{"start":{"line":94,"column":16},"end":{"line":94,"column":35}},"25":{"start":{"line":94,"column":25},"end":{"line":94,"column":35}},"26":{"start":{"line":96,"column":11},"end":{"line":121,"column":5}},"27":{"start":{"line":97,"column":8},"end":{"line":104,"column":15}},"28":{"start":{"line":100,"column":16},"end":{"line":100,"column":27}},"29":{"start":{"line":103,"column":16},"end":{"line":103,"column":35}},"30":{"start":{"line":103,"column":25},"end":{"line":103,"column":35}},"31":{"start":{"line":106,"column":8},"end":{"line":120,"column":15}},"32":{"start":{"line":116,"column":16},"end":{"line":116,"column":27}},"33":{"start":{"line":119,"column":16},"end":{"line":119,"column":35}},"34":{"start":{"line":119,"column":25},"end":{"line":119,"column":35}},"35":{"start":{"line":127,"column":4},"end":{"line":182,"column":11}},"36":{"start":{"line":134,"column":12},"end":{"line":178,"column":19}},"37":{"start":{"line":141,"column":20},"end":{"line":174,"column":21}},"38":{"start":{"line":142,"column":24},"end":{"line":160,"column":31}},"39":{"start":{"line":145,"column":32},"end":{"line":156,"column":39}},"40":{"start":{"line":152,"column":40},"end":{"line":152,"column":59}},"41":{"start":{"line":155,"column":40},"end":{"line":155,"column":59}},"42":{"start":{"line":155,"column":49},"end":{"line":155,"column":59}},"43":{"start":{"line":159,"column":32},"end":{"line":159,"column":51}},"44":{"start":{"line":159,"column":41},"end":{"line":159,"column":51}},"45":{"start":{"line":162,"column":24},"end":{"line":173,"column":31}},"46":{"start":{"line":169,"column":32},"end":{"line":169,"column":47}},"47":{"start":{"line":172,"column":32},"end":{"line":172,"column":51}},"48":{"start":{"line":172,"column":41},"end":{"line":172,"column":51}},"49":{"start":{"line":177,"column":20},"end":{"line":177,"column":39}},"50":{"start":{"line":177,"column":29},"end":{"line":177,"column":39}},"51":{"start":{"line":181,"column":12},"end":{"line":181,"column":31}},"52":{"start":{"line":181,"column":21},"end":{"line":181,"column":31}},"53":{"start":{"line":186,"column":4},"end":{"line":198,"column":7}},"54":{"start":{"line":187,"column":8},"end":{"line":197,"column":15}},"55":{"start":{"line":193,"column":16},"end":{"line":193,"column":27}},"56":{"start":{"line":196,"column":16},"end":{"line":196,"column":35}},"57":{"start":{"line":196,"column":25},"end":{"line":196,"column":35}},"58":{"start":{"line":205,"column":4},"end":{"line":226,"column":11}},"59":{"start":{"line":212,"column":22},"end":{"line":212,"column":24}},"60":{"start":{"line":213,"column":12},"end":{"line":215,"column":13}},"61":{"start":{"line":214,"column":16},"end":{"line":214,"column":33}},"62":{"start":{"line":217,"column":12},"end":{"line":222,"column":13}},"63":{"start":{"line":218,"column":16},"end":{"line":221,"column":19}},"64":{"start":{"line":219,"column":20},"end":{"line":219,"column":42}},"65":{"start":{"line":220,"column":20},"end":{"line":220,"column":61}},"66":{"start":{"line":220,"column":51},"end":{"line":220,"column":61}},"67":{"start":{"line":225,"column":12},"end":{"line":225,"column":31}},"68":{"start":{"line":225,"column":21},"end":{"line":225,"column":31}},"69":{"start":{"line":229,"column":0},"end":{"line":237,"column":1}}},"fnMap":{"0":{"name":"addStudent","decl":{"start":{"line":9,"column":9},"end":{"line":9,"column":19}},"loc":{"sta
[...]
nd":{"line":30,"column":50}},"loc":{"start":{"line":30,"column":57},"end":{"line":32,"column":9}},"line":30},"4":{"name":"(anonymous_4)","decl":{"start":{"line":35,"column":75},"end":{"line":35,"column":76}},"loc":{"start":{"line":35,"column":95},"end":{"line":39,"column":1}},"line":35},"5":{"name":"(anonymous_5)","decl":{"start":{"line":36,"column":44},"end":{"line":36,"column":45}},"loc":{"start":{"line":36,"column":54},"end":{"line":38,"column":5}},"line":36},"6":{"name":"(anonymous_6)","decl":{"start":{"line":40,"column":75},"end":{"line":40,"column":76}},"loc":{"start":{"line":40,"column":95},"end":{"line":44,"column":1}},"line":40},"7":{"name":"(anonymous_7)","decl":{"start":{"line":41,"column":60},"end":{"line":41,"column":61}},"loc":{"start":{"line":41,"column":70},"end":{"line":43,"column":5}},"line":41},"8":{"name":"(anonymous_8)","decl":{"start":{"line":45,"column":20},"end":{"line":45,"column":21}},"loc":{"start":{"line":45,"column":40},"end":{"line":49,"column":1}},"line":45},"9":{"name":"(anonymous_9)","decl":{"start":{"line":46,"column":60},"end":{"line":46,"column":61}},"loc":{"start":{"line":46,"column":70},"end":{"line":48,"column":5}},"line":46},"10":{"name":"(anonymous_10)","decl":{"start":{"line":50,"column":78},"end":{"line":50,"column":79}},"loc":{"start":{"line":50,"column":98},"end":{"line":52,"column":1}},"line":50},"11":{"name":"(anonymous_11)","decl":{"start":{"line":51,"column":47},"end":{"line":51,"column":48}},"loc":{"start":{"line":51,"column":57},"end":{"line":51,"column":87}},"line":51}},"branchMap":{"0":{"loc":{"start":{"line":15,"column":4},"end":{"line":20,"column":5}},"type":"if","locations":[{"start":{"line":15,"column":4},"end":{"line":20,"column":5}},{"start":{"line":15,"column":4},"end":{"line":20,"column":5}}],"line":15},"1":{"loc":{"start":{"line":18,"column":9},"end":{"line":20,"column":5}},"type":"if","locations":[{"start":{"line":18,"column":9},"end":{"line":20,"column":5}},{"start":{"line":18,"column":9},"end":{"line":20,"column":5}}],"line":18},"2":{"loc":{"start":{"line":22,"column":4},"end":{"line":33,"column":5}},"type":"if","locations":[{"start":{"line":22,"column":4},"end":{"line":33,"column":5}},{"start":{"line":22,"column":4},"end":{"line":33,"column":5}}],"line":22},"3":{"loc":{"start":{"line":26,"column":9},"end":{"line":33,"column":5}},"type":"if","locations":[{"start":{"line":26,"column":9},"end":{"line":33,"column":5}},{"start":{"line":26,"column":9},"end":{"line":33,"column":5}}],"line":26}},"s":{"0":1,"1":1,"2":1,"3":1,"4":1,"5":0,"6":0,"7":0,"8":0,"9":0,"10":0,"11":0,"12":0,"13":0,"14":0,"15":0,"16":0,"17":0,"18":0,"19":0,"20":1,"21":0,"22":0,"23":1,"24":0,"25":0,"26":1,"27":0,"28":0,"29":1,"30":0,"31":0,"32":1},"f":{"0":0,"1":0,"2":0,"3":0,"4":0,"5":0,"6":0,"7":0,"8":0,"9":0,"10":0,"11":0},"b":{"0":[0,0],"1":[0,0],"2":[0,0],"3":[0,0]},"_coverageSchema":"332fd63041d2c1bcb487cc26dd0d5f7d97098a6c","hash":"a3c7523fb528856d384048f13f62ae393542c798","contentHash":"bdfcaf27f9bc25f3c5f667b7d2bef9b1_11.1.0"},"/Users/championswimmer/Development/CodingBlocks/Node/dev-submit/src/routes/users.js":{"path":"/Users/championswimmer/Development/CodingBlocks/Node/dev-submit/src/routes/users.js","statementMap":{"0":{"start":{"line":4,"column":16},"end":{"line":4,"column":34}},"1":{"start":{"line":5,"column":17},"end":{"line":5,"column":44}},"2":{"start":{"line":6,"column":11},"end":{"line":6,"column":27}},"3":{"start":{"line":7,"column":14},"end":{"line":7,"column":33}},"4":{"start":{"line":9,"column":15},"end":{"line":9,"column":31}},"5":{"start":{"line":11,"column":0},"end":{"line":15,"column":2}},"6":{"start":{"line":12,"column":4},"end":{"line":14,"column":6}},"7":{"start":{"line":13,"column":8},"end":{"line":13,"column":22}},"8":{"start":{"line":18,"column":0},"end":{"line":32,"column":2}},"9":{"start":{"line":19,"column":2},"end":{"line":31,"column":11}},"10":{"start":{"line":20,"column":4},"end":{"line":24,"column":6}},"11":{"start":{"line":21,"column":6},"end":{"line":21,"column":27}},"12":{"start":{"line":22,"column":6},"end":{"line":22,"column":78}},"13":{"start":{"line":23,"column":6},"end":{"line":23,"column":24}},"14":{"start":{"line":27,"column":6},"end":{"line":31,"column":8}},"15":{"start":{"line":28,"column":10},"end":{"line":28,"column":31}},"16":{"start":{"line":29,"column":10},"end":{"line":29,"column":82}},"17":{"start":{"line":30,"column":10},"end":{"line":30,"column":28}},"18":{"start":{"line":36,"column":0},"end":{"line":38,"column":3}},"19":{"start":{"line":37,"column":2},"end":{"line":37,"column":25}},"20":{"start":{"line":39,"column":0},"end":{"line":115,"column":3}},"21":{"start":{"line":40,"column":15},"end":{"line":40,"column":17}},"22":{"start":{"line":41,"column":2},"end":{"line":41,"column":28}},"23":{"start":{"line":42,"column":2},"end":{"line":42,"column":36}},"24":{"start":{"line":43,"column":2},"end":{"line":43,"column":30}},"25":{"start":{"line":44,"column":2},"end":{"line":44,"column":36}},"26":{"start":{"line":45,"column":2},"end":{"line":45,"column":38}},"27":{"start":{"line":46,"column":2},"end":{"line":46,"column":28}},"28":{"start":{"line":47,"column":2},"end":{"line":47,"column":28}},"29":{"start":{"line":50,"column":2},"end":{"line":50,"column":55}},"30":{"start":{"line":51,"column":2},"end":{"line":51,"column":57}},"31":{"start":{"line":52,"column":2},"end":{"line":52,"column":56}},"32":{"start":{"line":53,"column":2},"end":{"line":53,"column":63}},"33":{"start":{"line":54,"column":2},"end":{"line":54,"column":63}},"34":{"start":{"line":55,"column":2},"end":{"line":57,"column":31}},"35":{"start":{"line":58,"column":2},"end":{"line":60,"column":3}},"36":{"start":{"line":59,"column":4},"end":{"line":59,"column":64}},"37":{"start":{"line":62,"column":15},"end":{"line":62,"column":37}},"38":{"start":{"line":64,"column":2},"end":{"line":114,"column":3}},"39":{"start":{"line":65,"column":4},"end":{"line":67,"column":7}},"40":{"start":{"line":69,"column":4},"end":{"line":113,"column":5}},"41":{"start":{"line":70,"column":6},"end":{"line":89,"column":9}},"42":{"start":{"line":71,"column":8},"end":{"line":88,"column":10}},"43":{"start":{"line":75,"column":12},"end":{"line":86,"column":14}},"44":{"start":{"line":80,"column":16},"end":{"line":83,"column":18}},"45":{"start":{"line":84,"column":16},"end":{"line":84,"column":45}},"46":{"start":{"line":90,"column":11},"end":{"line":113,"column":5}},"47":{"start":{"line":91,"column":6},"end":{"line":110,"column":9}},"48":{"start":{"line":92,"column":8},"end":{"line":109,"column":10}},"49":{"start":{"line":95,"column":12},"end":{"line":107,"column":14}},"50":{"start":{"line":100,"column":16},"end":{"line":100,"column":53}},"51":{"start":{"line":101,"column":16},"end":{"line":104,"column":18}},"52":{"start":{"line":105,"column":16},"end":{"line":105,"column":45}},"53":{"start":{"line":112,"column":6},"end":{"line":112,"column":39}},"54":{"start":{"line":118,"column":0},"end":{"line":120,"column":3}},"55":{"start":{"line":119,"column":2},"end":{"line":119,"column":22}},"56":{"start":{"line":123,"column":0},"end":{"line":123,"column":57}},"57":{"start":{"line":127,"column":0},"end":{"line":131,"column":5}},"58":{"start":{"line":130,"column":4},"end":{"line":130,"column":21}},"59":{"start":{"line":133,"column":0},"end":{"line":143,"column":2}},"60":{"start":{"line":141,"column":4},"end":{"line":141,"column":22}},"61":{"start":{"line":146,"column":0},"end":{"line":150,"column":3}},"62":{"start":{"line":147,"column":2},"end":{"line":147,"column":15}},"63":{"start":{"line":148,"column":2},"end":{"line":148,"column":62}},"64":{"start":{"line":149,"column":2},"end":{"line":149,"column":31}},"65":{"start":{"line":152,"column":0},"end":{"line":152,"column":24}}},"fnMap":{"0":{"name":"(anonymous_0)","decl":{"start":{"line":11,"column":43},"end":{"line":11,"column":44}},"loc":{"start":{"line":11,"column":63},"end":{"line":15,"column":1}},"line":11},"1":{"name":"(anonymous_1)","decl":{"start":{"line":12,"column":41},"end":{"line":12,"column":42}},"loc":{"start":{"line":12,"column":57},"end":{"line":14,"column":5}},"line":12},"2":{"name":"(anonymous_2)","decl":{"start":{"line":18,"column":22},"end":{"line":18,"column":23}},"loc":{"start":{"line":18,"column":42},"end":{"line":32,"column":1}},"line":18},"3":{"name":"(anonymous_3)","decl":{"start":{"line":20,"column":47},"end":{"line":20,"column":48}},"loc":{"start":{"line":20,"column":63},"end":{"line":24,"column":5}},"line":20},"4":{"name":"(anonymous_4)","decl":{"start":{"line":27,"column":83},"end":{"line":27,"column":84}},"loc":{"start":{"line":27,"column":99},"end":{"line":31,"column":7}},"line":27},"5":{"name":"(anonymous_5)","decl":{"start":{"line":36,"column":24},"end":{"line":36,"column":25}},"loc":{"start":{"line":36,"column":43},"end":{"line":38,"column":1}},"line":36},"6":{"name":"(anonymous_6)","decl":{"start":{"line":39,"column":25},"end":{"line":39,"column":26}},"loc":{"start":{"line":39,"column":39},"end":{"line":115,"column":1}},"line":39},"7":{"name":"(anonymous_7)","decl":{"start":{"line":70,"column":52},"end":{"line":70,"column":53}},"loc":{"start":{"line":70,"column":60},"end":{"line":89,"column":7}},"line":70},"8":{"name":"(anonymous_8)","decl":{"start":{"line":74,"column":10},"end":{"line":74,"column":11}},"loc":{"start":{"line":74,"column":26},"end":{"line":87,"column":11}},"line":74},"9":{"name":"(anonymous_9)","decl":{"start":{"line":79,"column":14},"end":{"line":79,"column":15}},"loc":{"start":{"line":79,"column":20},"end":{"line":85,"column":15}},"line":79},"10":{"name":"(anonymous_10)","decl":{"start":{"line":91,"column":52},"end":{"line":91,"column":53}},"loc":{"start":{"line":91,"column":60},"end":{"line":110,"column":7}},"line":91},"11":{"name":"(anonymous_11)","decl":{"start":{"line":94,"column":10},"end":{"line":94,"column":11}},"loc":{"start":{"line":94,"column":26},"end":{"line":108,"column":11}},"line":94},"12":{"name":"(anonymous_12)","decl":{"start":{"line":99,"column":14},"end":{"line":99,"column":15}},"loc":{"start":{"line":99,"column":20},"end":{"line":106,"column":15}},"line":99},"13":{"name":"(anonymous_13)","decl":{"start":{"line":118,"column":21},"end":{"line":118,"column":22}},"loc":{"start":{"line":118,"column":40},"end":{"line":120,"column":1}},"line":118},"14":{"name":"(anonymous_14)","decl":{"start":{"line":128,"column":70},"end":{"line":128,"column":71}},"loc":{"start":{"line":128,"column":90},"end":{"line":131,"column":3}},"line":128},"15":{"name":"(anonymous_15)","decl":{"start":{"line":140,"column":2},"end":{"line":140,"column":3}},"loc":{"start":{"line":140,"column":16},"end":{"line":142,"column":3}},"line":140},"16":{"name":"(anonymous_16)","decl":{"start":{"line":146,"column":22},"end":{"line":146,"column":23}},"loc":{"start":{"line":146,"column":41},"end":{"line":150,"column":1}},"line":146}},"branchMap":{"0":{"loc":{"start":{"line":19,"column":2},"end":{"line":31,"column":11}},"type":"if","locations":[{"start":{"line":19,"column":2},"end":{"line":31,"column":11}},{"start":{"line":19,"column":2},"end":{"line":31,"column":11}}],"line":19},"1":{"loc":{"start":{"line":58,"column":2},"end":{"line":60,"column":3}},"type":"if","locations":[{"start":{"line":58,"column":2},"end":{"line":60,"column":3}},{"start":{"line":58,"column":2},"end":{"line":60,"column":3}}],"line":58},"2":{"loc":{"start":{"line":64,"column":2},"end":{"line":114,"column":3}},"type":"if","locations":[{"start":{"line":64,"column":2},"end":{"line":114,"column":3}},{"start":{"line":64,"column":2},"end":{"line":114,"column":3}}],"line":64},"3":{"loc":{"start":{"line":69,"column":4},"end":{"line":113,"column":5}},"type":"if","locations":[{"start":{"line":69,"column":4},"end":{"line":113,"column":5}},{"start":{"line":69,"column":4},"end":{"line":113,"column":5}}],"line":69},"4":{"loc":{"start":{"line":90,"column":11},"end":{"line":113,"column":5}},"type":"if","locations":[{"start":{"line":90,"column":11},"end":{"line":113,"column":5}},{"start":{"line":90,"column":11},"end":{"line":113,"column":5}}],"line":90}},"s":{"0":1,"1":1,"2":1,"3":1,"4":1,"5":1,"6":0,"7":0,"8":1,"9":0,"10":0,"11":0,"12":0,"13":0,"14":0,"15":0,"16":0,"17":0,"18":1,"19":0,"20":1,"21":1,"22":1,"23":1,"24":1,"25":1,"26":1,"27":1,"28":1,"29":1,"30":1,"31":1,"32":1,"33":1,"34":1,"35":1,"36":0,"37":1,"38":1,"39":0,"40":1,"41":0,"42":0,"43":0,"44":0,"45":0,"46":1,"47":1,"48":1,"49":1,"50":1,"51":1,"52":1,"53":0,"54":1,"55":1,"56":1,"57":1,"58":0,"59":1,"60":0,"61":1,"62":0,"63":0,"64":0,"65":1},"f":{"0":0,"1":0,"2":0,"3":0,"4":0,"5":0,"6":1,"7":0,"8":0,"9":0,"10":1,"11":1,"12":1,"13":1,"14":0,"15":0,"16":0},"b":{"0":[0,0],"1":[0,1],"2":[0,1],"3":[0,1],"4":[1,0]},"_coverageSchema":"332fd63041d2c1bcb487cc26dd0d5f7d97098a6c","hash":"6c1c9171313b0ad0beb54f76a249a437bf5267be","contentHash":"2b19f0e3b1a639195edb853e7422dc84_11.1.0"},"/Users/championswimmer/Development/CodingBlocks/Node/dev-submit/src/auth/passport.js":{"path":"/Users/championswimmer/Development/CodingBlocks/Node/dev-submit/src/auth/passport.js","statementMap":{"0":{"start":{"line":4,"column":15},"end":{"line":4,"column":34}},"1":{"start":{"line":5,"column":22},"end":{"line":5,"column":49}},"2":{"start":{"line":6,"column":22},"end":{"line":6,"column":65}},"3":{"start":{"line":7,"column":15},"end":{"line":7,"column":38}},"4":{"start":{"line":8,"column":11},"end":{"line":8,"column":27}},"5":{"start":{"line":9,"column":16},"end":{"line":9,"column":45}},"6":{"start":{"line":10,"column":18},"end":{"line":10,"column":39}},"7":{"start":{"line":13,"column":0},"end":{"line":13,"column":28}},"8":{"start":{"line":15,"column":0},"end":{"line":20,"column":3}},"9":{"start":{"line":16,"column":4},"end":{"line":18,"column":6}},"10":{"start":{"line":22,"column":0},"end":{"line":32,"column":3}},"11":{"start":{"line":24,"column":4},"end":{"line":30,"column":7}},"12":{"start":{"line":29,"column":8},"end":{"line":29,"column":32}},"13":{"start":{"line":35,"column":0},"end":{"line":63,"column":2}},"14":{"start":{"line":43,"column":8},"end":{"line":61,"column":10}},"15":{"start":{"line":60,"column":12},"end":{"line":60,"column":28}},"16":{"start":{"line":66,"column":0},"end":{"line":66,"column":25}}},"fnMap":{"0":{"name":"(anonymous_0)","decl":{"start":{"line":15,"column":23},"end":{"line":15,"column":24}},"loc":{"start":{"line":15,"column":45},"end":{"line":20,"column":1}},"line":15},"1":{"name":"(anonymous_1)","decl":{"start":{"line":22,"column":25},"end":{"line":22,"column":26}},"loc":{"start":{"line":22,"column":46},"end":{"line":32,"column":1}},"line":22},"2":{"name":"(anonymous_2)","decl":{"start":{"line":28,"column":12},"end":{"line":28,"column":13}},"loc":{"start":{"line":28,"column":22},"end":{"line":30,"column":5}},"line":28},"3":{"name":"(anonymous_3)","decl":{"start":{"line":42,"column":4},"end":{"line":42,"column":5}},"loc":{"start":{"line":42,"column":56},"end":{"line":62,"column":5}},"line":42},"4":{"name":"(anonymous_4)","decl":{"start":{"line":59,"column":15},"end":{"line":59,"column":16}},"loc":{"start":{"line":59,"column":31},"end":{"line":61,"column":9}},"line":59}},"branchMap":{},"s":{"0":1,"1":1,"2":1,"3":1,"4":1,"5":1,"6":1,"7":1,"8":1,"9":0,"10":1,"11":0,"12":0,"13":1,"14":0,"15":0,"16":1},"f":{"0":0,"1":0,"2":0,"3":0,"4":0},"b":{},"_coverageSchema":"332fd63041d2c1bcb487cc26dd0d5f7d97098a6c","hash":"3edf04c52fc2044a5c3c59a49b67ae0cb13f790b","contentHash":"24642d6a618e617d1bb5c5eaef693a7e_11.1.0"},"/Users/championswimmer/Development/CodingBlocks/Node/dev-submit/src/auth/strategies/local/localStrategy.js":{"path":"/Users/championswimmer/Development/CodingBlocks/Node/dev-submit/src/auth/strategies/local/localStrategy.js","statementMap":{"0":{"start":{"line":5,"column":22},"end":{"line":5,"column":56}},"1":{"start":{"line":6,"column":9},"end":{"line":6,"column":31}},"2":{"start":{"line":7,"column":13},"end":{"line":7,"column":42}},"3":{"start":{"line":9,"column":0},"end":{"line":42,"column":6}},"4":{"start":{"line":11,"column":8},"end":{"line":41,"column":11}},"5":{"start":{"line":25,"column":12},"end":{"line":38,"column":13}},"6":{"start":{"line":26,"column":16},"end":{"line":26,"column":74}},"7":{"start":{"line":29,"column":16},"end":{"line":29,"column":33}},"8":{"start":{"line":30,"column":16},"end":{"line":37,"column":19}},"9":{"start":{"line":31,"column":20},"end":{"line":36,"column":21}},"10":{"start":{"line":32,"column":24},"end":{"line":32,"column":45}},"11":{"start":{"line":35,"column":24},"end":{"line":35,"column":77}},"12":{"start":{"line":40,"column":12},"end":{"line":40,"column":38}},"13":{"start":{"line":40,"column":21},"end":{"line":40,"column":38}}},"fnMap":{"0":{"name":"(anonymous_0)","decl":{"start":{"line":10,"column":4},"end":{"line":10,"column":5}},"loc":{"start":{"line":10,"column":40},"end":{"line":42,"column":5}},"line":10},"1":{"name":"(anonymous_1)","decl":{"start":{"line":24,"column":16},"end":{"line":24,"column":17}},"loc":{"start":{"line":24,"column":32},"end":{"line":39,"column":9}},"line":24},"2":{"name":"(anonymous_2)","decl":{"start":{"line":30,"column":99},"end":{"line":30,"column":100}},"loc":{"start":{"line":30,"column":134},"end":{"line":37,"column":17}},"line":30},"3":{"name":"(anonymous_3)","decl":{"start":{"line":39,"column":17},"end":{"line":39,"column":18}},"loc":{"start":{"line":39,"column":32},"end":{"line":41,"column":9}},"line":39}},"branchMap":{"0":{"loc":{"start":{"line":25,"column":12},"end":{"line":38,"column":13}},"type":"if","locations":[{"start":{"line":25,"column":12},"end":{"line":38,"column":13}},{"start":{"line":25,"column":12},"end":{"line":38,"column":13}}],"line":25},"1":{"loc":{"start":{"line":31,"column":20},"end":{"line":36,"column":21}},"type":"if","locations":[{"start":{"line":31,"column":20},"end":{"line":36,"column":21}},{"start":{"line":31,"column":20},"end":{"line":36,"column":21}}],"line":31},"2":{"loc":{"start":{"line":40,"column":12},"end":{"line":40,"column":38}},"type":"if","locations":[{"start":{"line":40,"column":12},"end":{"line":40,"column":38}},{"start":{"line":40,"column":12},"end":{"line":40,"column":38}}],"line":40}},"s":{"0":1,"1":1,"2":1,"3":1,"4":0,"5":0,"6":0,"7":0,"8":0,"9":0,"10":0,"11":0,"12":0,"13":0},"f":{"0":0,"1":0,"2":0,"3":0},"b":{"0":[0,0],"1":[0,0],"2":[0,0]},"_coverageSchema":"332fd63041d2c1bcb487cc26dd0d5f7d97098a6c","hash":"cc08c9c6f4c8fdbcf4141eabe0f6a98d32304634","contentHash":"7148a1c0dce577df3a6dd17750f6668b_11.1.0"},"/Users/championswimmer/Development/CodingBlocks/Node/dev-submit/src/routes/index.js":{"path":"/Users/championswimmer/Development/CodingBlocks/Node/dev-submit/src/routes/index.js","statementMap":{"0":{"start":{"line":4,"column":16},"end":{"line":4,"column":34}},"1":{"start":{"line":5,"column":11},"end":{"line":5,"column":33}},"2":{"start":{"line":6,"column":15},"end":{"line":6,"column":31}},"3":{"start":{"line":8,"column":0},"end":{"line":8,"column":22}},"4":{"start":{"line":9,"column":0},"end":{"line":9,"column":46}},"5":{"start":{"line":11,"column":0},"end":{"line":18,"column":3}},"6":{"start":{"line":12,"column":2},"end":{"line":17,"column":3}},"7":{"start":{"line":13,"column":4},"end":{"line":13,"column":52}},"8":{"start":{"line":14,"column":4},"end":{"line":14,"column":33}},"9":{"start":{"line":16,"column":4},"end":{"line":16,"column":24}},"10":{"start":{"line":20,"column":0},"end":{"line":20,"column":24}}},"fnMap":{"0":{"name":"(anonymous_0)","decl":{"start":{"line":11,"column":16},"end":{"line":11,"column":17}},"loc":{"start":{"line":11,"column":35},"end":{"line":18,"column":1}},"line":11}},"branchMap":{"0":{"loc":{"start":{"line":12,"column":2},"end":{"line":17,"column":3}},"type":"if","locations":[{"start":{"line":12,"column":2},"end":{"line":17,"column":3}},{"start":{"line":12,"column":2},"end":{"line":17,"column":3}}],"line":12}},"s":{"0":1,"1":1,"2":1,"3":1,"4":1,"5":1,"6":0,"7":0,"8":0,"9":0,"10":1},"f":{"0":0},"b":{"0":[0,0]},"_coverageSchema":"332fd63041d2c1bcb487cc26dd0d5f7d97098a6c","hash":"8e8674b2a7db6a5e78be1180cd06389acbc0beee","contentHash":"4f7c0691a30f87a72a11dd36ac2333bf_11.1.0"}}