TN:
SF:/Users/championswimmer/Development/CodingBlocks/Node/dev-submit/config.js
FNF:0
FNH:0
DA:2,1
DA:4,1
LF:2
LH:2
BRDA:5,0,0,1
BRDA:5,0,1,1
BRF:2
BRH:2
end_of_record
TN:
SF:/Users/championswimmer/Development/CodingBlocks/Node/dev-submit/src/server.js
FN:46,(anonymous_0)
FN:64,(anonymous_1)
FNF:2
FNH:2
FNDA:6,(anonymous_0)
FNDA:18,(anonymous_1)
DA:1,1
DA:2,1
DA:3,1
DA:4,1
DA:5,1
DA:6,1
DA:7,1
DA:8,1
DA:9,1
DA:10,1
DA:11,1
DA:12,1
DA:13,1
DA:14,1
DA:15,1
DA:17,1
DA:18,1
DA:20,1
DA:21,1
DA:22,1
DA:23,1
DA:26,1
DA:30,1
DA:31,1
DA:33,1
DA:41,1
DA:42,1
DA:44,1
DA:47,6
DA:48,6
DA:49,6
DA:51,6
DA:52,0
DA:55,6
DA:63,1
DA:64,1
DA:66,18
DA:67,18
DA:68,18
DA:69,18
DA:70,18
DA:72,1
DA:73,1
DA:74,1
DA:78,1
LF:45
LH:44
BRDA:69,0,0,18
BRDA:69,0,1,18
BRF:2
BRH:2
end_of_record
TN:
SF:/Users/championswimmer/Development/CodingBlocks/Node/dev-submit/src/auth/passport.js
FN:15,(anonymous_0)
FN:22,(anonymous_1)
FN:28,(anonymous_2)
FN:42,(anonymous_3)
FN:59,(anonymous_4)
FNF:5
FNH:0
FNDA:0,(anonymous_0)
FNDA:0,(anonymous_1)
FNDA:0,(anonymous_2)
FNDA:0,(anonymous_3)
FNDA:0,(anonymous_4)
DA:4,1
DA:5,1
DA:6,1
DA:7,1
DA:8,1
DA:9,1
DA:10,1
DA:13,1
DA:15,1
DA:16,0
DA:22,1
DA:24,0
DA:29,0
DA:35,1
DA:43,0
DA:60,0
DA:66,1
LF:17
LH:12
BRF:0
BRH:0
end_of_record
TN:
SF:/Users/championswimmer/Development/CodingBlocks/Node/dev-submit/src/auth/strategies/local/localStrategy.js
FN:10,(anonymous_0)
FN:24,(anonymous_1)
FN:30,(anonymous_2)
FN:39,(anonymous_3)
FNF:4
FNH:0
FNDA:0,(anonymous_0)
FNDA:0,(anonymous_1)
FNDA:0,(anonymous_2)
FNDA:0,(anonymous_3)
DA:5,1
DA:6,1
DA:7,1
DA:9,1
DA:11,0
DA:25,0
DA:26,0
DA:29,0
DA:30,0
DA:31,0
DA:32,0
DA:35,0
DA:40,0
LF:13
LH:4
BRDA:25,0,0,0
BRDA:25,0,1,0
BRDA:31,1,0,0
BRDA:31,1,1,0
BRDA:40,2,0,0
BRDA:40,2,1,0
BRF:6
BRH:0
end_of_record
TN:
SF:/Users/championswimmer/Development/CodingBlocks/Node/dev-submit/src/db/index.js
FNF:0
FNH:0
DA:4,1
DA:5,1
DA:6,1
LF:3
LH:3
BRF:0
BRH:0
end_of_record
TN:
SF:/Users/championswimmer/Development/CodingBlocks/Node/dev-submit/src/db/models.js
FNF:0
FNH:0
DA:5,1
DA:6,1
DA:8,1
DA:17,1
DA:24,1
DA:29,1
DA:36,1
DA:42,1
DA:46,1
DA:52,1
DA:55,1
DA:65,1
DA:74,1
DA:81,1
DA:88,1
DA:94,1
DA:99,1
DA:100,1
DA:103,1
DA:104,1
DA:108,1
DA:109,1
DA:114,1
DA:115,1
DA:117,1
DA:118,1
DA:120,1
DA:121,1
DA:123,1
DA:124,1
DA:126,1
DA:127,1
DA:131,1
DA:132,1
DA:135,1
DA:136,1
DA:139,1
DA:140,1
DA:143,1
DA:144,1
DA:147,1
LF:41
LH:41
BRF:0
BRH:0
end_of_record
TN:
SF:/Users/championswimmer/Development/CodingBlocks/Node/dev-submit/src/db/actions/assignments.js
FN:10,addAssignment
FN:16,(anonymous_1)
FN:19,(anonymous_2)
FN:23,(anonymous_3)
FN:29,getAssignments
FN:34,(anonymous_5)
FN:37,(anonymous_6)
FN:43,searchAssignment
FN:50,(anonymous_8)
FN:53,(anonymous_9)
FN:59,findAssignmentsInBatch
FN:66,(anonymous_11)
FN:76,(anonymous_12)
FN:80,(anonymous_13)
FN:85,(anonymous_14)
FN:91,editAssignment
FN:93,(anonymous_16)
FN:99,(anonymous_17)
FN:102,(anonymous_18)
FN:107,(anonymous_19)
FN:112,(anonymous_20)
FN:115,(anonymous_21)
FN:123,deleteAssignment
FN:130,(anonymous_23)
FN:137,(anonymous_24)
FN:144,(anonymous_25)
FN:151,(anonymous_26)
FN:154,(anonymous_27)
FN:158,(anonymous_28)
FN:162,(anonymous_29)
FN:166,(anonymous_30)
FNF:31
FNH:0
FNDA:0,addAssignment
FNDA:0,(anonymous_1)
FNDA:0,(anonymous_2)
FNDA:0,(anonymous_3)
FNDA:0,getAssignments
FNDA:0,(anonymous_5)
FNDA:0,(anonymous_6)
FNDA:0,searchAssignment
FNDA:0,(anonymous_8)
FNDA:0,(anonymous_9)
FNDA:0,findAssignmentsInBatch
FNDA:0,(anonymous_11)
FNDA:0,(anonymous_12)
FNDA:0,(anonymous_13)
FNDA:0,(anonymous_14)
FNDA:0,editAssignment
FNDA:0,(anonymous_16)
FNDA:0,(anonymous_17)
FNDA:0,(anonymous_18)
FNDA:0,(anonymous_19)
FNDA:0,(anonymous_20)
FNDA:0,(anonymous_21)
FNDA:0,deleteAssignment
FNDA:0,(anonymous_23)
FNDA:0,(anonymous_24)
FNDA:0,(anonymous_25)
FNDA:0,(anonymous_26)
FNDA:0,(anonymous_27)
FNDA:0,(anonymous_28)
FNDA:0,(anonymous_29)
FNDA:0,(anonymous_30)
DA:5,1
DA:6,1
DA:11,0
DA:17,0
DA:18,0
DA:19,0
DA:21,0
DA:24,0
DA:30,0
DA:35,0
DA:38,0
DA:44,0
DA:51,0
DA:54,0
DA:60,0
DA:67,0
DA:68,0
DA:69,0
DA:70,0
DA:77,0
DA:78,0
DA:81,0
DA:86,0
DA:92,0
DA:93,0
DA:94,0
DA:100,0
DA:103,0
DA:107,0
DA:108,0
DA:113,0
DA:116,0
DA:124,0
DA:131,0
DA:138,0
DA:145,0
DA:152,0
DA:155,0
DA:159,0
DA:163,0
DA:167,0
DA:171,1
LF:42
LH:3
BRDA:17,0,0,0
BRDA:17,0,1,0
BRDA:24,1,0,0
BRDA:24,1,1,0
BRDA:38,2,0,0
BRDA:38,2,1,0
BRDA:54,3,0,0
BRDA:54,3,1,0
BRDA:68,4,0,0
BRDA:68,4,1,0
BRDA:78,5,0,0
BRDA:78,5,1,0
BRDA:81,6,0,0
BRDA:81,6,1,0
BRDA:86,7,0,0
BRDA:86,7,1,0
BRDA:92,8,0,0
BRDA:92,8,1,0
BRDA:103,9,0,0
BRDA:103,9,1,0
BRDA:116,10,0,0
BRDA:116,10,1,0
BRDA:155,11,0,0
BRDA:155,11,1,0
BRDA:159,12,0,0
BRDA:159,12,1,0
BRDA:163,13,0,0
BRDA:163,13,1,0
BRDA:167,14,0,0
BRDA:167,14,1,0
BRF:30
BRH:0
end_of_record
TN:
SF:/Users/championswimmer/Development/CodingBlocks/Node/dev-submit/src/db/actions/batches.js
FN:9,addBatch
FN:19,(anonymous_1)
FN:22,(anonymous_2)
FN:36,(anonymous_3)
FN:39,(anonymous_4)
FN:48,getBatches
FN:51,(anonymous_6)
FN:54,(anonymous_7)
FN:60,searchBatch
FN:67,(anonymous_9)
FN:70,(anonymous_10)
FN:76,searchBatches
FN:81,(anonymous_12)
FN:84,(anonymous_13)
FN:90,(anonymous_14)
FN:93,(anonymous_15)
FN:101,(anonymous_16)
FN:104,(anonymous_17)
FN:110,(anonymous_18)
FN:113,(anonymous_19)
FN:121,endBatch
FN:128,(anonymous_21)
FN:133,(anonymous_22)
FN:136,(anonymous_23)
FN:140,(anonymous_24)
FN:146,editBatch
FN:150,(anonymous_26)
FN:162,(anonymous_27)
FN:165,(anonymous_28)
FN:170,(anonymous_29)
FN:182,(anonymous_30)
FN:185,(anonymous_31)
FN:192,(anonymous_32)
FN:204,(anonymous_33)
FN:207,(anonymous_34)
FN:212,(anonymous_35)
FN:223,(anonymous_36)
FN:226,(anonymous_37)
FN:235,(anonymous_38)
FN:247,(anonymous_39)
FN:250,(anonymous_40)
FN:255,(anonymous_41)
FN:266,(anonymous_42)
FN:269,(anonymous_43)
FN:277,(anonymous_44)
FN:287,(anonymous_45)
FN:291,(anonymous_46)
FN:304,deleteBatch
FN:311,(anonymous_48)
FN:314,(anonymous_49)
FN:321,addAssignmentToBatch
FN:327,(anonymous_51)
FN:330,(anonymous_52)
FNF:53
FNH:12
FNDA:1,addBatch
FNDA:0,(anonymous_1)
FNDA:0,(anonymous_2)
FNDA:1,(anonymous_3)
FNDA:0,(anonymous_4)
FNDA:4,getBatches
FNDA:4,(anonymous_6)
FNDA:0,(anonymous_7)
FNDA:2,searchBatch
FNDA:2,(anonymous_9)
FNDA:0,(anonymous_10)
FNDA:0,searchBatches
FNDA:0,(anonymous_12)
FNDA:0,(anonymous_13)
FNDA:0,(anonymous_14)
FNDA:0,(anonymous_15)
FNDA:0,(anonymous_16)
FNDA:0,(anonymous_17)
FNDA:0,(anonymous_18)
FNDA:0,(anonymous_19)
FNDA:0,endBatch
FNDA:0,(anonymous_21)
FNDA:0,(anonymous_22)
FNDA:0,(anonymous_23)
FNDA:0,(anonymous_24)
FNDA:2,editBatch
FNDA:1,(anonymous_26)
FNDA:1,(anonymous_27)
FNDA:0,(anonymous_28)
FNDA:0,(anonymous_29)
FNDA:0,(anonymous_30)
FNDA:0,(anonymous_31)
FNDA:0,(anonymous_32)
FNDA:0,(anonymous_33)
FNDA:0,(anonymous_34)
FNDA:0,(anonymous_35)
FNDA:0,(anonymous_36)
FNDA:0,(anonymous_37)
FNDA:1,(anonymous_38)
FNDA:0,(anonymous_39)
FNDA:0,(anonymous_40)
FNDA:0,(anonymous_41)
FNDA:0,(anonymous_42)
FNDA:0,(anonymous_43)
FNDA:0,(anonymous_44)
FNDA:0,(anonymous_45)
FNDA:0,(anonymous_46)
FNDA:2,deleteBatch
FNDA:2,(anonymous_48)
FNDA:0,(anonymous_49)
FNDA:0,addAssignmentToBatch
FNDA:0,(anonymous_51)
FNDA:0,(anonymous_52)
DA:5,1
DA:10,1
DA:11,0
DA:20,0
DA:23,0
DA:24,0
DA:28,1
DA:37,1
DA:40,0
DA:41,0
DA:49,4
DA:52,4
DA:55,0
DA:61,2
DA:68,2
DA:71,0
DA:77,0
DA:78,0
DA:79,0
DA:82,0
DA:85,0
DA:88,0
DA:91,0
DA:94,0
DA:98,0
DA:99,0
DA:102,0
DA:105,0
DA:108,0
DA:111,0
DA:114,0
DA:122,0
DA:129,0
DA:134,0
DA:137,0
DA:141,0
DA:147,2
DA:148,1
DA:149,1
DA:150,1
DA:151,1
DA:152,0
DA:154,1
DA:155,0
DA:157,1
DA:163,1
DA:166,0
DA:170,0
DA:171,0
DA:172,0
DA:174,0
DA:175,0
DA:177,0
DA:183,0
DA:186,0
DA:191,0
DA:192,0
DA:193,0
DA:194,0
DA:196,0
DA:197,0
DA:199,0
DA:205,0
DA:208,0
DA:212,0
DA:213,0
DA:214,0
DA:216,0
DA:217,0
DA:219,0
DA:224,0
DA:227,0
DA:233,1
DA:234,1
DA:235,1
DA:236,1
DA:237,0
DA:239,1
DA:240,1
DA:242,0
DA:248,0
DA:251,0
DA:255,0
DA:256,0
DA:257,0
DA:259,0
DA:260,0
DA:262,0
DA:267,0
DA:270,0
DA:275,0
DA:277,0
DA:278,0
DA:279,0
DA:281,0
DA:282,0
DA:284,0
DA:288,0
DA:292,0
DA:296,0
DA:305,2
DA:312,2
DA:315,0
DA:322,0
DA:328,0
DA:331,0
DA:336,1
LF:107
LH:25
BRDA:10,0,0,0
BRDA:10,0,1,1
BRDA:23,1,0,0
BRDA:23,1,1,0
BRDA:40,2,0,0
BRDA:40,2,1,0
BRDA:55,3,0,0
BRDA:55,3,1,0
BRDA:71,4,0,0
BRDA:71,4,1,0
BRDA:77,5,0,0
BRDA:77,5,1,0
BRDA:78,6,0,0
BRDA:78,6,1,0
BRDA:85,7,0,0
BRDA:85,7,1,0
BRDA:94,8,0,0
BRDA:94,8,1,0
BRDA:98,9,0,0
BRDA:98,9,1,0
BRDA:105,10,0,0
BRDA:105,10,1,0
BRDA:114,11,0,0
BRDA:114,11,1,0
BRDA:134,12,0,0
BRDA:134,12,1,0
BRDA:137,13,0,0
BRDA:137,13,1,0
BRDA:141,14,0,0
BRDA:141,14,1,0
BRDA:147,15,0,1
BRDA:147,15,1,1
BRDA:148,16,0,1
BRDA:148,16,1,0
BRDA:149,17,0,1
BRDA:149,17,1,0
BRDA:151,18,0,0
BRDA:151,18,1,1
BRDA:154,19,0,0
BRDA:154,19,1,1
BRDA:166,20,0,0
BRDA:166,20,1,0
BRDA:171,21,0,0
BRDA:171,21,1,0
BRDA:174,22,0,0
BRDA:174,22,1,0
BRDA:186,23,0,0
BRDA:186,23,1,0
BRDA:191,24,0,0
BRDA:191,24,1,0
BRDA:193,25,0,0
BRDA:193,25,1,0
BRDA:196,26,0,0
BRDA:196,26,1,0
BRDA:208,27,0,0
BRDA:208,27,1,0
BRDA:213,28,0,0
BRDA:213,28,1,0
BRDA:216,29,0,0
BRDA:216,29,1,0
BRDA:227,30,0,0
BRDA:227,30,1,0
BRDA:233,31,0,1
BRDA:233,31,1,0
BRDA:234,32,0,1
BRDA:234,32,1,0
BRDA:236,33,0,0
BRDA:236,33,1,1
BRDA:239,34,0,1
BRDA:239,34,1,0
BRDA:251,35,0,0
BRDA:251,35,1,0
BRDA:256,36,0,0
BRDA:256,36,1,0
BRDA:259,37,0,0
BRDA:259,37,1,0
BRDA:270,38,0,0
BRDA:270,38,1,0
BRDA:275,39,0,0
BRDA:275,39,1,0
BRDA:278,40,0,0
BRDA:278,40,1,0
BRDA:281,41,0,0
BRDA:281,41,1,0
BRDA:292,42,0,0
BRDA:292,42,1,0
BRDA:315,43,0,0
BRDA:315,43,1,0
BRDA:331,44,0,0
BRDA:331,44,1,0
BRF:90
BRH:11
end_of_record
TN:
SF:/Users/championswimmer/Development/CodingBlocks/Node/dev-submit/src/db/actions/courses.js
FN:8,(anonymous_0)
FN:13,(anonymous_1)
FN:15,(anonymous_2)
FN:16,(anonymous_3)
FN:21,(anonymous_4)
FN:25,addAssignmenttoCourse
FN:31,(anonymous_6)
FN:34,(anonymous_7)
FN:38,(anonymous_8)
FN:43,(anonymous_9)
FN:45,(anonymous_10)
FN:50,(anonymous_11)
FN:52,(anonymous_12)
FN:57,(anonymous_13)
FN:62,(anonymous_14)
FN:64,(anonymous_15)
FN:68,editCourse
FN:75,(anonymous_17)
FN:84,(anonymous_18)
FN:86,(anonymous_19)
FN:91,(anonymous_20)
FN:96,(anonymous_21)
FN:104,(anonymous_22)
FN:105,(anonymous_23)
FNF:24
FNH:9
FNDA:1,(anonymous_0)
FNDA:1,(anonymous_1)
FNDA:0,(anonymous_2)
FNDA:0,(anonymous_3)
FNDA:0,(anonymous_4)
FNDA:0,addAssignmenttoCourse
FNDA:0,(anonymous_6)
FNDA:0,(anonymous_7)
FNDA:2,(anonymous_8)
FNDA:0,(anonymous_9)
FNDA:0,(anonymous_10)
FNDA:2,(anonymous_11)
FNDA:0,(anonymous_12)
FNDA:2,(anonymous_13)
FNDA:2,(anonymous_14)
FNDA:0,(anonymous_15)
FNDA:2,editCourse
FNDA:2,(anonymous_17)
FNDA:1,(anonymous_18)
FNDA:0,(anonymous_19)
FNDA:0,(anonymous_20)
FNDA:0,(anonymous_21)
FNDA:0,(anonymous_22)
FNDA:0,(anonymous_23)
DA:5,1
DA:6,1
DA:9,1
DA:14,1
DA:15,0
DA:16,0
DA:17,0
DA:22,0
DA:26,0
DA:32,0
DA:35,0
DA:39,2
DA:44,0
DA:46,0
DA:50,2
DA:51,2
DA:53,0
DA:58,2
DA:63,2
DA:65,0
DA:69,2
DA:76,2
DA:77,1
DA:80,1
DA:85,1
DA:87,0
DA:92,0
DA:97,0
DA:104,0
DA:106,0
LF:30
LH:14
BRDA:14,0,0,1
BRDA:14,0,1,0
BRDA:17,1,0,0
BRDA:17,1,1,0
BRDA:39,2,0,0
BRDA:39,2,1,2
BRDA:76,3,0,1
BRDA:76,3,1,1
BRF:8
BRH:4
end_of_record
TN:
SF:/Users/championswimmer/Development/CodingBlocks/Node/dev-submit/src/db/actions/index.js
FNF:0
FNH:0
DA:4,1
DA:5,1
DA:6,1
DA:7,1
DA:8,1
DA:9,1
DA:10,1
DA:11,1
DA:12,1
LF:9
LH:9
BRF:0
BRH:0
end_of_record
TN:
SF:/Users/championswimmer/Development/CodingBlocks/Node/dev-submit/src/db/actions/students.js
FN:9,addStudent
FN:15,(anonymous_1)
FN:19,(anonymous_2)
FN:26,getStudents
FN:31,(anonymous_4)
FN:34,(anonymous_5)
FN:41,searchStudent
FN:47,(anonymous_7)
FN:50,(anonymous_8)
FN:69,searchStudents
FN:81,(anonymous_10)
FN:84,(anonymous_11)
FN:90,(anonymous_12)
FN:93,(anonymous_13)
FN:99,(anonymous_14)
FN:102,(anonymous_15)
FN:115,(anonymous_16)
FN:118,(anonymous_17)
FN:125,deleteStudent
FN:133,(anonymous_19)
FN:140,(anonymous_20)
FN:144,(anonymous_21)
FN:151,(anonymous_22)
FN:154,(anonymous_23)
FN:158,(anonymous_24)
FN:168,(anonymous_25)
FN:171,(anonymous_26)
FN:176,(anonymous_27)
FN:180,(anonymous_28)
FN:185,enrollStudentInBatch
FN:186,(anonymous_30)
FN:192,(anonymous_31)
FN:195,(anonymous_32)
FN:203,getAllStudentsInBatch
FN:211,(anonymous_34)
FN:218,(anonymous_35)
FN:224,(anonymous_36)
FNF:37
FNH:0
FNDA:0,addStudent
FNDA:0,(anonymous_1)
FNDA:0,(anonymous_2)
FNDA:0,getStudents
FNDA:0,(anonymous_4)
FNDA:0,(anonymous_5)
FNDA:0,searchStudent
FNDA:0,(anonymous_7)
FNDA:0,(anonymous_8)
FNDA:0,searchStudents
FNDA:0,(anonymous_10)
FNDA:0,(anonymous_11)
FNDA:0,(anonymous_12)
FNDA:0,(anonymous_13)
FNDA:0,(anonymous_14)
FNDA:0,(anonymous_15)
FNDA:0,(anonymous_16)
FNDA:0,(anonymous_17)
FNDA:0,deleteStudent
FNDA:0,(anonymous_19)
FNDA:0,(anonymous_20)
FNDA:0,(anonymous_21)
FNDA:0,(anonymous_22)
FNDA:0,(anonymous_23)
FNDA:0,(anonymous_24)
FNDA:0,(anonymous_25)
FNDA:0,(anonymous_26)
FNDA:0,(anonymous_27)
FNDA:0,(anonymous_28)
FNDA:0,enrollStudentInBatch
FNDA:0,(anonymous_30)
FNDA:0,(anonymous_31)
FNDA:0,(anonymous_32)
FNDA:0,getAllStudentsInBatch
FNDA:0,(anonymous_34)
FNDA:0,(anonymous_35)
FNDA:0,(anonymous_36)
DA:4,1
DA:5,1
DA:10,0
DA:16,0
DA:17,0
DA:20,0
DA:27,0
DA:32,0
DA:35,0
DA:42,0
DA:48,0
DA:51,0
DA:70,0
DA:71,0
DA:82,0
DA:85,0
DA:87,0
DA:88,0
DA:91,0
DA:94,0
DA:96,0
DA:97,0
DA:100,0
DA:103,0
DA:106,0
DA:116,0
DA:119,0
DA:127,0
DA:134,0
DA:141,0
DA:142,0
DA:145,0
DA:152,0
DA:155,0
DA:159,0
DA:162,0
DA:169,0
DA:172,0
DA:177,0
DA:181,0
DA:186,0
DA:187,0
DA:193,0
DA:196,0
DA:205,0
DA:212,0
DA:213,0
DA:214,0
DA:217,0
DA:218,0
DA:219,0
DA:220,0
DA:225,0
DA:229,1
LF:54
LH:3
BRDA:16,0,0,0
BRDA:16,0,1,0
BRDA:20,1,0,0
BRDA:20,1,1,0
BRDA:35,2,0,0
BRDA:35,2,1,0
BRDA:51,3,0,0
BRDA:51,3,1,0
BRDA:70,4,0,0
BRDA:70,4,1,0
BRDA:85,5,0,0
BRDA:85,5,1,0
BRDA:87,6,0,0
BRDA:87,6,1,0
BRDA:94,7,0,0
BRDA:94,7,1,0
BRDA:96,8,0,0
BRDA:96,8,1,0
BRDA:103,9,0,0
BRDA:103,9,1,0
BRDA:119,10,0,0
BRDA:119,10,1,0
BRDA:141,11,0,0
BRDA:141,11,1,0
BRDA:155,12,0,0
BRDA:155,12,1,0
BRDA:159,13,0,0
BRDA:159,13,1,0
BRDA:172,14,0,0
BRDA:172,14,1,0
BRDA:177,15,0,0
BRDA:177,15,1,0
BRDA:181,16,0,0
BRDA:181,16,1,0
BRDA:196,17,0,0
BRDA:196,17,1,0
BRDA:213,18,0,0
BRDA:213,18,1,0
BRDA:220,19,0,0
BRDA:220,19,1,0
BRDA:225,20,0,0
BRDA:225,20,1,0
BRF:42
BRH:0
end_of_record
TN:
SF:/Users/championswimmer/Development/CodingBlocks/Node/dev-submit/src/db/actions/submissions.js
FN:12,addSubmission
FN:19,(anonymous_1)
FN:28,(anonymous_2)
FN:42,(anonymous_3)
FN:45,(anonymous_4)
FN:51,(anonymous_5)
FN:55,(anonymous_6)
FN:61,acceptSubmissionbyId
FN:65,(anonymous_8)
FN:69,(anonymous_9)
FN:72,(anonymous_10)
FN:76,(anonymous_11)
FN:82,(anonymous_12)
FN:87,(anonymous_13)
FN:90,(anonymous_14)
FN:94,(anonymous_15)
FN:101,acceptSubmissionWithoutId
FN:110,(anonymous_17)
FN:114,(anonymous_18)
FN:117,(anonymous_19)
FN:121,(anonymous_20)
FN:127,getSubmissions
FN:131,(anonymous_22)
FN:134,(anonymous_23)
FN:141,(anonymous_24)
FN:144,(anonymous_25)
FN:151,searchSubmissions
FN:154,(anonymous_27)
FN:157,(anonymous_28)
FN:163,searchByBatch
FN:177,(anonymous_30)
FN:179,(anonymous_31)
FNF:32
FNH:0
FNDA:0,addSubmission
FNDA:0,(anonymous_1)
FNDA:0,(anonymous_2)
FNDA:0,(anonymous_3)
FNDA:0,(anonymous_4)
FNDA:0,(anonymous_5)
FNDA:0,(anonymous_6)
FNDA:0,acceptSubmissionbyId
FNDA:0,(anonymous_8)
FNDA:0,(anonymous_9)
FNDA:0,(anonymous_10)
FNDA:0,(anonymous_11)
FNDA:0,(anonymous_12)
FNDA:0,(anonymous_13)
FNDA:0,(anonymous_14)
FNDA:0,(anonymous_15)
FNDA:0,acceptSubmissionWithoutId
FNDA:0,(anonymous_17)
FNDA:0,(anonymous_18)
FNDA:0,(anonymous_19)
FNDA:0,(anonymous_20)
FNDA:0,getSubmissions
FNDA:0,(anonymous_22)
FNDA:0,(anonymous_23)
FNDA:0,(anonymous_24)
FNDA:0,(anonymous_25)
FNDA:0,searchSubmissions
FNDA:0,(anonymous_27)
FNDA:0,(anonymous_28)
FNDA:0,searchByBatch
FNDA:0,(anonymous_30)
FNDA:0,(anonymous_31)
DA:6,1
DA:13,0
DA:20,0
DA:21,0
DA:24,0
DA:29,0
DA:31,0
DA:32,0
DA:33,0
DA:34,0
DA:35,0
DA:43,0
DA:46,0
DA:49,0
DA:52,0
DA:56,0
DA:62,0
DA:63,0
DA:66,0
DA:70,0
DA:73,0
DA:77,0
DA:80,0
DA:83,0
DA:88,0
DA:91,0
DA:95,0
DA:102,0
DA:111,0
DA:115,0
DA:118,0
DA:122,0
DA:128,0
DA:129,0
DA:132,0
DA:135,0
DA:138,0
DA:142,0
DA:145,0
DA:152,0
DA:155,0
DA:158,0
DA:164,0
DA:165,0
DA:178,0
DA:180,0
DA:184,1
LF:47
LH:2
BRDA:20,0,0,0
BRDA:20,0,1,0
BRDA:29,1,0,0
BRDA:29,1,1,0
BRDA:33,2,0,0
BRDA:33,2,1,0
BRDA:46,3,0,0
BRDA:46,3,1,0
BRDA:49,4,0,0
BRDA:49,4,1,0
BRDA:52,5,0,0
BRDA:52,5,1,0
BRDA:56,6,0,0
BRDA:56,6,1,0
BRDA:62,7,0,0
BRDA:62,7,1,0
BRDA:73,8,0,0
BRDA:73,8,1,0
BRDA:77,9,0,0
BRDA:77,9,1,0
BRDA:91,10,0,0
BRDA:91,10,1,0
BRDA:95,11,0,0
BRDA:95,11,1,0
BRDA:118,12,0,0
BRDA:118,12,1,0
BRDA:122,13,0,0
BRDA:122,13,1,0
BRDA:128,14,0,0
BRDA:128,14,1,0
BRDA:135,15,0,0
BRDA:135,15,1,0
BRDA:145,16,0,0
BRDA:145,16,1,0
BRDA:158,17,0,0
BRDA:158,17,1,0
BRDA:164,18,0,0
BRDA:164,18,1,0
BRDA:180,19,0,0
BRDA:180,19,1,0
BRF:40
BRH:0
end_of_record
TN:
SF:/Users/championswimmer/Development/CodingBlocks/Node/dev-submit/src/db/actions/teachers.js
FN:10,addTeacher
FN:15,(anonymous_1)
FN:18,(anonymous_2)
FN:25,getTeachers
FN:28,(anonymous_4)
FN:31,(anonymous_5)
FN:38,searchTeacher
FN:46,(anonymous_7)
FN:49,(anonymous_8)
FN:56,searchTeachers
FN:67,(anonymous_10)
FN:70,(anonymous_11)
FN:83,(anonymous_12)
FN:86,(anonymous_13)
FN:94,deleteTeacher
FN:101,(anonymous_15)
FN:108,(anonymous_16)
FN:112,(anonymous_17)
FN:116,(anonymous_18)
FNF:19
FNH:2
FNDA:1,addTeacher
FNDA:1,(anonymous_1)
FNDA:0,(anonymous_2)
FNDA:0,getTeachers
FNDA:0,(anonymous_4)
FNDA:0,(anonymous_5)
FNDA:0,searchTeacher
FNDA:0,(anonymous_7)
FNDA:0,(anonymous_8)
FNDA:0,searchTeachers
FNDA:0,(anonymous_10)
FNDA:0,(anonymous_11)
FNDA:0,(anonymous_12)
FNDA:0,(anonymous_13)
FNDA:0,deleteTeacher
FNDA:0,(anonymous_15)
FNDA:0,(anonymous_16)
FNDA:0,(anonymous_17)
FNDA:0,(anonymous_18)
DA:5,1
DA:6,1
DA:11,1
DA:16,1
DA:19,0
DA:26,0
DA:29,0
DA:32,0
DA:39,0
DA:47,0
DA:50,0
DA:57,0
DA:58,0
DA:68,0
DA:71,0
DA:74,0
DA:84,0
DA:87,0
DA:95,0
DA:102,0
DA:109,0
DA:110,0
DA:113,0
DA:117,0
DA:121,1
LF:25
LH:5
BRDA:19,0,0,0
BRDA:19,0,1,0
BRDA:32,1,0,0
BRDA:32,1,1,0
BRDA:50,2,0,0
BRDA:50,2,1,0
BRDA:57,3,0,0
BRDA:57,3,1,0
BRDA:71,4,0,0
BRDA:71,4,1,0
BRDA:87,5,0,0
BRDA:87,5,1,0
BRDA:109,6,0,0
BRDA:109,6,1,0
BRDA:113,7,0,0
BRDA:113,7,1,0
BRDA:117,8,0,0
BRDA:117,8,1,0
BRF:18
BRH:0
end_of_record
TN:
SF:/Users/championswimmer/Development/CodingBlocks/Node/dev-submit/src/db/actions/users.js
FN:9,addUser
FN:15,(anonymous_1)
FN:17,(anonymous_2)
FN:28,(anonymous_3)
FN:33,addLocalUser
FN:34,(anonymous_5)
FN:42,(anonymous_6)
FN:45,(anonymous_7)
FN:51,getUsers
FN:52,(anonymous_9)
FN:56,getUser
FN:61,(anonymous_11)
FN:63,(anonymous_12)
FN:68,editUser
FN:71,(anonymous_14)
FN:76,(anonymous_15)
FN:83,(anonymous_16)
FN:88,(anonymous_17)
FN:93,(anonymous_18)
FN:100,(anonymous_19)
FN:109,searchUser
FN:114,(anonymous_21)
FN:116,(anonymous_22)
FN:121,searchUsers
FN:130,(anonymous_24)
FN:133,(anonymous_25)
FN:145,(anonymous_26)
FN:148,(anonymous_27)
FN:156,deleteUser
FN:162,(anonymous_29)
FN:167,(anonymous_30)
FN:172,(anonymous_31)
FN:174,(anonymous_32)
FN:177,(anonymous_33)
FN:179,(anonymous_34)
FNF:35
FNH:6
FNDA:1,addUser
FNDA:1,(anonymous_1)
FNDA:1,(anonymous_2)
FNDA:0,(anonymous_3)
FNDA:1,addLocalUser
FNDA:1,(anonymous_5)
FNDA:1,(anonymous_6)
FNDA:0,(anonymous_7)
FNDA:0,getUsers
FNDA:0,(anonymous_9)
FNDA:0,getUser
FNDA:0,(anonymous_11)
FNDA:0,(anonymous_12)
FNDA:0,editUser
FNDA:0,(anonymous_14)
FNDA:0,(anonymous_15)
FNDA:0,(anonymous_16)
FNDA:0,(anonymous_17)
FNDA:0,(anonymous_18)
FNDA:0,(anonymous_19)
FNDA:0,searchUser
FNDA:0,(anonymous_21)
FNDA:0,(anonymous_22)
FNDA:0,searchUsers
FNDA:0,(anonymous_24)
FNDA:0,(anonymous_25)
FNDA:0,(anonymous_26)
FNDA:0,(anonymous_27)
FNDA:0,deleteUser
FNDA:0,(anonymous_29)
FNDA:0,(anonymous_30)
FNDA:0,(anonymous_31)
FNDA:0,(anonymous_32)
FNDA:0,(anonymous_33)
FNDA:0,(anonymous_34)
DA:4,1
DA:5,1
DA:10,1
DA:17,1
DA:18,1
DA:19,1
DA:26,1
DA:29,0
DA:34,1
DA:35,1
DA:36,1
DA:43,1
DA:46,0
DA:52,0
DA:57,0
DA:62,0
DA:64,0
DA:69,0
DA:70,0
DA:71,0
DA:72,0
DA:77,0
DA:78,0
DA:80,0
DA:84,0
DA:88,0
DA:89,0
DA:94,0
DA:95,0
DA:97,0
DA:101,0
DA:110,0
DA:115,0
DA:117,0
DA:122,0
DA:123,0
DA:131,0
DA:134,0
DA:138,0
DA:146,0
DA:149,0
DA:157,0
DA:158,0
DA:163,0
DA:168,0
DA:173,0
DA:175,0
DA:178,0
DA:180,0
DA:185,1
LF:50
LH:12
BRDA:18,0,0,1
BRDA:18,0,1,0
BRDA:29,1,0,0
BRDA:29,1,1,0
BRDA:46,2,0,0
BRDA:46,2,1,0
BRDA:64,3,0,0
BRDA:64,3,1,0
BRDA:70,4,0,0
BRDA:70,4,1,0
BRDA:77,5,0,0
BRDA:77,5,1,0
BRDA:84,6,0,0
BRDA:84,6,1,0
BRDA:94,7,0,0
BRDA:94,7,1,0
BRDA:101,8,0,0
BRDA:101,8,1,0
BRDA:117,9,0,0
BRDA:117,9,1,0
BRDA:122,10,0,0
BRDA:122,10,1,0
BRDA:134,11,0,0
BRDA:134,11,1,0
BRDA:149,12,0,0
BRDA:149,12,1,0
BRDA:175,13,0,0
BRDA:175,13,1,0
BRDA:178,14,0,0
BRDA:178,14,1,0
BRDA:180,15,0,0
BRDA:180,15,1,0
BRF:32
BRH:1
end_of_record
TN:
SF:/Users/championswimmer/Development/CodingBlocks/Node/dev-submit/src/db/actions/validatepassword.js
FN:7,validateLocalPassword
FN:8,(anonymous_1)
FNF:2
FNH:0
FNDA:0,validateLocalPassword
FNDA:0,(anonymous_1)
DA:4,1
DA:8,0
DA:9,0
DA:10,0
DA:14,1
LF:5
LH:2
BRDA:9,0,0,0
BRDA:9,0,1,0
BRF:2
BRH:0
end_of_record
TN:
SF:/Users/championswimmer/Development/CodingBlocks/Node/dev-submit/src/routes/index.js
FN:11,(anonymous_0)
FNF:1
FNH:0
FNDA:0,(anonymous_0)
DA:4,1
DA:5,1
DA:6,1
DA:8,1
DA:9,1
DA:11,1
DA:12,0
DA:13,0
DA:14,0
DA:16,0
DA:20,1
LF:11
LH:7
BRDA:12,0,0,0
BRDA:12,0,1,0
BRF:2
BRH:0
end_of_record
TN:
SF:/Users/championswimmer/Development/CodingBlocks/Node/dev-submit/src/routes/users.js
FN:11,(anonymous_0)
FN:12,(anonymous_1)
FN:18,(anonymous_2)
FN:20,(anonymous_3)
FN:27,(anonymous_4)
FN:36,(anonymous_5)
FN:39,(anonymous_6)
FN:70,(anonymous_7)
FN:74,(anonymous_8)
FN:79,(anonymous_9)
FN:91,(anonymous_10)
FN:94,(anonymous_11)
FN:99,(anonymous_12)
FN:118,(anonymous_13)
FN:128,(anonymous_14)
FN:140,(anonymous_15)
FN:146,(anonymous_16)
FNF:17
FNH:5
FNDA:0,(anonymous_0)
FNDA:0,(anonymous_1)
FNDA:0,(anonymous_2)
FNDA:0,(anonymous_3)
FNDA:0,(anonymous_4)
FNDA:0,(anonymous_5)
FNDA:1,(anonymous_6)
FNDA:0,(anonymous_7)
FNDA:0,(anonymous_8)
FNDA:0,(anonymous_9)
FNDA:1,(anonymous_10)
FNDA:1,(anonymous_11)
FNDA:1,(anonymous_12)
FNDA:1,(anonymous_13)
FNDA:0,(anonymous_14)
FNDA:0,(anonymous_15)
FNDA:0,(anonymous_16)
DA:4,1
DA:5,1
DA:6,1
DA:7,1
DA:9,1
DA:11,1
DA:12,0
DA:13,0
DA:18,1
DA:19,0
DA:20,0
DA:21,0
DA:22,0
DA:23,0
DA:27,0
DA:28,0
DA:29,0
DA:30,0
DA:36,1
DA:37,0
DA:39,1
DA:40,1
DA:41,1
DA:42,1
DA:43,1
DA:44,1
DA:45,1
DA:46,1
DA:47,1
DA:50,1
DA:51,1
DA:52,1
DA:53,1
DA:54,1
DA:55,1
DA:58,1
DA:59,0
DA:62,1
DA:64,1
DA:65,0
DA:69,1
DA:70,0
DA:71,0
DA:75,0
DA:80,0
DA:84,0
DA:90,1
DA:91,1
DA:92,1
DA:95,1
DA:100,1
DA:101,1
DA:105,1
DA:112,0
DA:118,1
DA:119,1
DA:123,1
DA:127,1
DA:130,0
DA:133,1
DA:141,0
DA:146,1
DA:147,0
DA:148,0
DA:149,0
DA:152,1
LF:66
LH:41
BRDA:19,0,0,0
BRDA:19,0,1,0
BRDA:58,1,0,0
BRDA:58,1,1,1
BRDA:64,2,0,0
BRDA:64,2,1,1
BRDA:69,3,0,0
BRDA:69,3,1,1
BRDA:90,4,0,1
BRDA:90,4,1,0
BRF:10
BRH:4
end_of_record
TN:
SF:/Users/championswimmer/Development/CodingBlocks/Node/dev-submit/src/routes/api_v1/assignments.js
FN:15,(anonymous_0)
FN:16,(anonymous_1)
FN:24,(anonymous_2)
FN:36,(anonymous_3)
FN:42,(anonymous_4)
FN:43,(anonymous_5)
FN:49,(anonymous_6)
FN:51,(anonymous_7)
FN:57,(anonymous_8)
FN:58,(anonymous_9)
FN:64,(anonymous_10)
FN:65,(anonymous_11)
FNF:12
FNH:0
FNDA:0,(anonymous_0)
FNDA:0,(anonymous_1)
FNDA:0,(anonymous_2)
FNDA:0,(anonymous_3)
FNDA:0,(anonymous_4)
FNDA:0,(anonymous_5)
FNDA:0,(anonymous_6)
FNDA:0,(anonymous_7)
FNDA:0,(anonymous_8)
FNDA:0,(anonymous_9)
FNDA:0,(anonymous_10)
FNDA:0,(anonymous_11)
DA:5,1
DA:6,1
DA:7,1
DA:10,1
DA:15,1
DA:16,0
DA:17,0
DA:18,0
DA:19,0
DA:24,1
DA:25,0
DA:27,0
DA:28,0
DA:29,0
DA:31,0
DA:32,0
DA:33,0
DA:34,0
DA:36,0
DA:37,0
DA:42,1
DA:43,0
DA:44,0
DA:49,1
DA:50,0
DA:51,0
DA:52,0
DA:57,1
DA:58,0
DA:59,0
DA:64,1
DA:65,0
DA:66,0
DA:70,1
LF:34
LH:11
BRDA:31,0,0,0
BRDA:31,0,1,0
BRDA:33,1,0,0
BRDA:33,1,1,0
BRF:4
BRH:0
end_of_record
TN:
SF:/Users/championswimmer/Development/CodingBlocks/Node/dev-submit/src/routes/api_v1/batches.js
FN:13,(anonymous_0)
FN:19,(anonymous_1)
FN:48,(anonymous_2)
FN:60,(anonymous_3)
FN:74,(anonymous_4)
FN:89,(anonymous_5)
FN:92,(anonymous_6)
FN:131,(anonymous_7)
FN:132,(anonymous_8)
FN:139,(anonymous_9)
FN:145,(anonymous_10)
FN:174,(anonymous_11)
FN:175,(anonymous_12)
FN:181,(anonymous_13)
FN:182,(anonymous_14)
FN:211,(anonymous_15)
FN:218,(anonymous_16)
FNF:17
FNH:11
FNDA:1,(anonymous_0)
FNDA:1,(anonymous_1)
FNDA:2,(anonymous_2)
FNDA:2,(anonymous_3)
FNDA:1,(anonymous_4)
FNDA:2,(anonymous_5)
FNDA:2,(anonymous_6)
FNDA:0,(anonymous_7)
FNDA:0,(anonymous_8)
FNDA:2,(anonymous_9)
FNDA:2,(anonymous_10)
FNDA:0,(anonymous_11)
FNDA:0,(anonymous_12)
FNDA:2,(anonymous_13)
FNDA:2,(anonymous_14)
FNDA:0,(anonymous_15)
FNDA:0,(anonymous_16)
DA:4,1
DA:5,1
DA:6,1
DA:8,1
DA:13,1
DA:14,1
DA:20,1
DA:21,0
DA:22,0
DA:31,1
DA:32,1
DA:34,0
DA:48,1
DA:49,2
DA:50,2
DA:51,2
DA:52,2
DA:53,2
DA:55,2
DA:56,0
DA:57,2
DA:58,0
DA:60,2
DA:62,2
DA:63,0
DA:64,0
DA:73,2
DA:74,1
DA:76,1
DA:89,1
DA:90,2
DA:91,2
DA:92,2
DA:93,2
DA:94,0
DA:95,0
DA:104,2
DA:105,2
DA:106,1
DA:115,1
DA:118,0
DA:131,1
DA:132,0
DA:133,0
DA:134,0
DA:139,1
DA:140,2
DA:146,2
DA:148,0
DA:157,2
DA:158,1
DA:160,1
DA:174,1
DA:175,0
DA:176,0
DA:181,1
DA:182,2
DA:183,2
DA:184,0
DA:185,0
DA:194,2
DA:195,1
DA:197,1
DA:211,1
DA:212,0
DA:213,0
DA:214,0
DA:215,0
DA:217,0
DA:218,0
DA:219,0
DA:220,0
DA:225,1
LF:73
LH:47
BRDA:20,0,0,0
BRDA:20,0,1,1
BRDA:31,1,0,1
BRDA:31,1,1,0
BRDA:51,2,0,0
BRDA:51,2,1,2
BRDA:55,3,0,0
BRDA:55,3,1,2
BRDA:57,4,0,0
BRDA:57,4,1,2
BRDA:62,5,0,0
BRDA:62,5,1,2
BRDA:73,6,0,1
BRDA:73,6,1,1
BRDA:93,7,0,0
BRDA:93,7,1,2
BRDA:104,8,0,2
BRDA:104,8,1,0
BRDA:105,9,0,1
BRDA:105,9,1,1
BRDA:146,10,0,0
BRDA:146,10,1,2
BRDA:157,11,0,1
BRDA:157,11,1,1
BRDA:183,12,0,0
BRDA:183,12,1,2
BRDA:194,13,0,1
BRDA:194,13,1,1
BRDA:220,14,0,0
BRDA:220,14,1,0
BRF:30
BRH:18
end_of_record
TN:
SF:/Users/championswimmer/Development/CodingBlocks/Node/dev-submit/src/routes/api_v1/courses.js
FN:9,(anonymous_0)
FN:10,(anonymous_1)
FN:37,(anonymous_2)
FN:39,(anonymous_3)
FN:53,(anonymous_4)
FN:67,(anonymous_5)
FN:68,(anonymous_6)
FN:96,(anonymous_7)
FN:97,(anonymous_8)
FN:124,(anonymous_9)
FN:129,(anonymous_10)
FN:130,(anonymous_11)
FN:133,(anonymous_12)
FN:134,(anonymous_13)
FNF:14
FNH:9
FNDA:1,(anonymous_0)
FNDA:1,(anonymous_1)
FNDA:2,(anonymous_2)
FNDA:2,(anonymous_3)
FNDA:1,(anonymous_4)
FNDA:2,(anonymous_5)
FNDA:2,(anonymous_6)
FNDA:2,(anonymous_7)
FNDA:2,(anonymous_8)
FNDA:0,(anonymous_9)
FNDA:0,(anonymous_10)
FNDA:0,(anonymous_11)
FNDA:0,(anonymous_12)
FNDA:0,(anonymous_13)
DA:4,1
DA:5,1
DA:6,1
DA:9,1
DA:10,1
DA:11,1
DA:12,0
DA:13,0
DA:22,1
DA:23,1
DA:25,0
DA:37,1
DA:38,2
DA:39,2
DA:41,2
DA:42,0
DA:43,0
DA:52,2
DA:53,1
DA:55,1
DA:67,1
DA:68,2
DA:69,2
DA:70,0
DA:71,0
DA:80,2
DA:81,1
DA:83,1
DA:96,1
DA:97,2
DA:98,2
DA:99,0
DA:100,0
DA:109,2
DA:110,1
DA:112,1
DA:124,1
DA:129,1
DA:130,0
DA:133,1
DA:134,0
DA:138,1
LF:42
LH:31
BRDA:11,0,0,0
BRDA:11,0,1,1
BRDA:22,1,0,1
BRDA:22,1,1,0
BRDA:38,2,0,0
BRDA:38,2,1,2
BRDA:41,3,0,0
BRDA:41,3,1,2
BRDA:52,4,0,1
BRDA:52,4,1,1
BRDA:69,5,0,0
BRDA:69,5,1,2
BRDA:80,6,0,1
BRDA:80,6,1,1
BRDA:98,7,0,0
BRDA:98,7,1,2
BRDA:109,8,0,1
BRDA:109,8,1,1
BRF:18
BRH:12
end_of_record
TN:
SF:/Users/championswimmer/Development/CodingBlocks/Node/dev-submit/src/routes/api_v1/index.js
FNF:0
FNH:0
DA:4,1
DA:5,1
DA:7,1
DA:8,1
DA:9,1
DA:10,1
DA:11,1
DA:12,1
DA:13,1
DA:15,1
DA:16,1
DA:17,1
DA:18,1
DA:19,1
DA:20,1
DA:21,1
DA:23,1
LF:17
LH:17
BRF:0
BRH:0
end_of_record
TN:
SF:/Users/championswimmer/Development/CodingBlocks/Node/dev-submit/src/routes/api_v1/students.js
FN:12,(anonymous_0)
FN:13,(anonymous_1)
FN:17,(anonymous_2)
FN:25,(anonymous_3)
FN:41,(anonymous_4)
FN:45,(anonymous_5)
FN:50,(anonymous_6)
FN:53,(anonymous_7)
FN:60,(anonymous_8)
FN:61,(anonymous_9)
FN:66,(anonymous_10)
FN:67,(anonymous_11)
FN:73,(anonymous_12)
FN:75,(anonymous_13)
FNF:14
FNH:0
FNDA:0,(anonymous_0)
FNDA:0,(anonymous_1)
FNDA:0,(anonymous_2)
FNDA:0,(anonymous_3)
FNDA:0,(anonymous_4)
FNDA:0,(anonymous_5)
FNDA:0,(anonymous_6)
FNDA:0,(anonymous_7)
FNDA:0,(anonymous_8)
FNDA:0,(anonymous_9)
FNDA:0,(anonymous_10)
FNDA:0,(anonymous_11)
FNDA:0,(anonymous_12)
FNDA:0,(anonymous_13)
DA:4,1
DA:5,1
DA:6,1
DA:9,1
DA:12,1
DA:13,0
DA:14,0
DA:18,0
DA:25,1
DA:26,0
DA:27,0
DA:28,0
DA:29,0
DA:31,0
DA:32,0
DA:33,0
DA:34,0
DA:36,0
DA:37,0
DA:40,0
DA:41,0
DA:42,0
DA:44,0
DA:45,0
DA:46,0
DA:49,0
DA:50,0
DA:53,0
DA:54,0
DA:60,1
DA:61,0
DA:62,0
DA:66,1
DA:67,0
DA:68,0
DA:73,1
DA:74,0
DA:75,0
DA:76,0
DA:77,0
DA:79,0
DA:84,1
LF:42
LH:10
BRDA:31,0,0,0
BRDA:31,0,1,0
BRDA:33,1,0,0
BRDA:33,1,1,0
BRDA:36,2,0,0
BRDA:36,2,1,0
BRDA:40,3,0,0
BRDA:40,3,1,0
BRDA:44,4,0,0
BRDA:44,4,1,0
BRDA:49,5,0,0
BRDA:49,5,1,0
BRDA:76,6,0,0
BRDA:76,6,1,0
BRF:14
BRH:0
end_of_record
TN:
SF:/Users/championswimmer/Development/CodingBlocks/Node/dev-submit/src/routes/api_v1/submissions.js
FN:19,(anonymous_0)
FN:23,(anonymous_1)
FN:29,(anonymous_2)
FN:34,(anonymous_3)
FN:37,(anonymous_4)
FN:39,(anonymous_5)
FN:41,(anonymous_6)
FN:46,(anonymous_7)
FN:53,(anonymous_8)
FN:65,(anonymous_9)
FN:68,(anonymous_10)
FN:85,(anonymous_11)
FN:92,(anonymous_12)
FN:95,(anonymous_13)
FN:100,(anonymous_14)
FN:101,(anonymous_15)
FNF:16
FNH:0
FNDA:0,(anonymous_0)
FNDA:0,(anonymous_1)
FNDA:0,(anonymous_2)
FNDA:0,(anonymous_3)
FNDA:0,(anonymous_4)
FNDA:0,(anonymous_5)
FNDA:0,(anonymous_6)
FNDA:0,(anonymous_7)
FNDA:0,(anonymous_8)
FNDA:0,(anonymous_9)
FNDA:0,(anonymous_10)
FNDA:0,(anonymous_11)
FNDA:0,(anonymous_12)
FNDA:0,(anonymous_13)
FNDA:0,(anonymous_14)
FNDA:0,(anonymous_15)
DA:5,1
DA:6,1
DA:7,1
DA:8,1
DA:9,1
DA:10,1
DA:12,1
DA:13,1
DA:19,1
DA:20,0
DA:23,1
DA:24,0
DA:25,0
DA:30,0
DA:34,0
DA:35,0
DA:36,0
DA:37,0
DA:38,0
DA:39,0
DA:40,0
DA:41,0
DA:45,0
DA:46,0
DA:47,0
DA:48,0
DA:49,0
DA:54,0
DA:65,1
DA:66,0
DA:67,0
DA:68,0
DA:69,0
DA:72,0
DA:74,0
DA:76,0
DA:77,0
DA:78,0
DA:79,0
DA:80,0
DA:81,0
DA:82,0
DA:85,0
DA:86,0
DA:92,1
DA:93,0
DA:94,0
DA:95,0
DA:96,0
DA:100,1
DA:101,0
DA:102,0
DA:106,1
LF:53
LH:14
BRDA:20,0,0,0
BRDA:20,0,1,0
BRDA:24,1,0,0
BRDA:24,1,1,0
BRDA:38,2,0,0
BRDA:38,2,1,0
BRDA:40,3,0,0
BRDA:40,3,1,0
BRDA:45,4,0,0
BRDA:45,4,1,0
BRDA:47,5,0,0
BRDA:47,5,1,0
BRDA:67,6,0,0
BRDA:67,6,1,0
BRDA:74,7,0,0
BRDA:74,7,1,0
BRDA:76,8,0,0
BRDA:76,8,1,0
BRDA:76,9,0,0
BRDA:76,9,1,0
BRDA:79,10,0,0
BRDA:79,10,1,0
BRDA:81,11,0,0
BRDA:81,11,1,0
BRF:24
BRH:0
end_of_record
TN:
SF:/Users/championswimmer/Development/CodingBlocks/Node/dev-submit/src/routes/api_v1/teachers.js
FN:12,(anonymous_0)
FN:13,(anonymous_1)
FN:14,(anonymous_2)
FN:21,(anonymous_3)
FN:28,(anonymous_4)
FN:32,(anonymous_5)
FN:39,(anonymous_6)
FN:40,(anonymous_7)
FN:45,(anonymous_8)
FN:46,(anonymous_9)
FNF:10
FNH:0
FNDA:0,(anonymous_0)
FNDA:0,(anonymous_1)
FNDA:0,(anonymous_2)
FNDA:0,(anonymous_3)
FNDA:0,(anonymous_4)
FNDA:0,(anonymous_5)
FNDA:0,(anonymous_6)
FNDA:0,(anonymous_7)
FNDA:0,(anonymous_8)
FNDA:0,(anonymous_9)
DA:4,1
DA:5,1
DA:6,1
DA:9,1
DA:12,1
DA:13,0
DA:14,0
DA:15,0
DA:21,1
DA:22,0
DA:23,0
DA:27,0
DA:28,0
DA:29,0
DA:32,0
DA:33,0
DA:39,1
DA:40,0
DA:41,0
DA:45,1
DA:46,0
DA:47,0
DA:51,1
LF:23
LH:9
BRDA:22,0,0,0
BRDA:22,0,1,0
BRDA:22,1,0,0
BRDA:22,1,1,0
BRDA:23,2,0,0
BRDA:23,2,1,0
BRDA:25,3,0,0
BRDA:25,3,1,0
BRDA:27,4,0,0
BRDA:27,4,1,0
BRF:10
BRH:0
end_of_record
TN:
SF:/Users/championswimmer/Development/CodingBlocks/Node/dev-submit/src/routes/api_v1/users.js
FN:10,(anonymous_0)
FN:23,(anonymous_1)
FN:27,(anonymous_2)
FN:30,(anonymous_3)
FN:35,(anonymous_4)
FN:36,(anonymous_5)
FN:40,(anonymous_6)
FN:41,(anonymous_7)
FN:45,(anonymous_8)
FN:46,(anonymous_9)
FN:50,(anonymous_10)
FN:51,(anonymous_11)
FNF:12
FNH:0
FNDA:0,(anonymous_0)
FNDA:0,(anonymous_1)
FNDA:0,(anonymous_2)
FNDA:0,(anonymous_3)
FNDA:0,(anonymous_4)
FNDA:0,(anonymous_5)
FNDA:0,(anonymous_6)
FNDA:0,(anonymous_7)
FNDA:0,(anonymous_8)
FNDA:0,(anonymous_9)
FNDA:0,(anonymous_10)
FNDA:0,(anonymous_11)
DA:4,1
DA:5,1
DA:6,1
DA:8,1
DA:10,1
DA:11,0
DA:12,0
DA:13,0
DA:15,0
DA:16,0
DA:18,0
DA:19,0
DA:22,0
DA:23,0
DA:24,0
DA:26,0
DA:27,0
DA:30,0
DA:31,0
DA:35,1
DA:36,0
DA:37,0
DA:40,1
DA:41,0
DA:42,0
DA:45,1
DA:46,0
DA:47,0
DA:50,1
DA:51,0
DA:54,1
LF:31
LH:10
BRDA:15,0,0,0
BRDA:15,0,1,0
BRDA:18,1,0,0
BRDA:18,1,1,0
BRDA:22,2,0,0
BRDA:22,2,1,0
BRDA:26,3,0,0
BRDA:26,3,1,0
BRF:8
BRH:0
end_of_record
TN:
SF:/Users/championswimmer/Development/CodingBlocks/Node/dev-submit/src/utils/acl.js
FN:7,(anonymous_0)
FN:13,(anonymous_1)
FN:22,(anonymous_2)
FN:31,(anonymous_3)
FN:48,(anonymous_4)
FN:50,(anonymous_5)
FN:58,(anonymous_6)
FN:59,(anonymous_7)
FN:68,(anonymous_8)
FN:69,(anonymous_9)
FN:85,(anonymous_10)
FN:86,(anonymous_11)
FN:101,(anonymous_12)
FN:102,(anonymous_13)
FN:112,(anonymous_14)
FN:124,(anonymous_15)
FN:125,(anonymous_16)
FN:136,(anonymous_17)
FN:153,(anonymous_18)
FN:154,(anonymous_19)
FN:168,(anonymous_20)
FN:186,(anonymous_21)
FN:187,(anonymous_22)
FN:197,(anonymous_23)
FN:203,(anonymous_24)
FN:215,(anonymous_25)
FN:216,(anonymous_26)
FN:237,(anonymous_27)
FNF:28
FNH:13
FNDA:16,(anonymous_0)
FNDA:0,(anonymous_1)
FNDA:0,(anonymous_2)
FNDA:0,(anonymous_3)
FNDA:11,(anonymous_4)
FNDA:9,(anonymous_5)
FNDA:13,(anonymous_6)
FNDA:3,(anonymous_7)
FNDA:1,(anonymous_8)
FNDA:0,(anonymous_9)
FNDA:1,(anonymous_10)
FNDA:0,(anonymous_11)
FNDA:4,(anonymous_12)
FNDA:0,(anonymous_13)
FNDA:16,(anonymous_14)
FNDA:2,(anonymous_15)
FNDA:2,(anonymous_16)
FNDA:0,(anonymous_17)
FNDA:1,(anonymous_18)
FNDA:0,(anonymous_19)
FNDA:0,(anonymous_20)
FNDA:1,(anonymous_21)
FNDA:0,(anonymous_22)
FNDA:0,(anonymous_23)
FNDA:0,(anonymous_24)
FNDA:0,(anonymous_25)
FNDA:0,(anonymous_26)
FNDA:0,(anonymous_27)
DA:4,1
DA:6,1
DA:8,16
DA:9,0
DA:14,0
DA:15,0
DA:16,0
DA:18,0
DA:23,0
DA:24,0
DA:25,0
DA:27,0
DA:32,0
DA:33,0
DA:34,0
DA:37,0
DA:44,16
DA:45,16
DA:50,11
DA:51,9
DA:52,9
DA:54,0
DA:55,0
DA:59,13
DA:60,3
DA:61,3
DA:63,0
DA:64,0
DA:69,1
DA:70,0
DA:71,0
DA:73,0
DA:76,0
DA:77,0
DA:80,0
DA:86,1
DA:87,0
DA:88,0
DA:90,0
DA:92,0
DA:93,0
DA:94,0
DA:97,0
DA:102,4
DA:103,0
DA:104,0
DA:106,0
DA:107,0
DA:108,0
DA:113,16
DA:114,16
DA:116,0
DA:117,0
DA:121,0
DA:125,2
DA:126,2
DA:127,2
DA:129,0
DA:131,0
DA:137,0
DA:138,0
DA:144,0
DA:154,1
DA:155,0
DA:156,0
DA:159,0
DA:162,0
DA:163,0
DA:169,0
DA:170,0
DA:173,0
DA:179,0
DA:187,1
DA:188,0
DA:189,0
DA:191,0
DA:193,0
DA:198,0
DA:204,0
DA:205,0
DA:209,0
DA:216,0
DA:218,0
DA:219,0
DA:221,0
DA:223,0
DA:224,0
DA:238,0
DA:239,0
DA:248,0
LF:90
LH:21
BRDA:8,0,0,0
BRDA:8,0,1,16
BRDA:14,1,0,0
BRDA:14,1,1,0
BRDA:23,2,0,0
BRDA:23,2,1,0
BRDA:32,3,0,0
BRDA:32,3,1,0
BRDA:51,4,0,9
BRDA:51,4,1,0
BRDA:54,5,0,0
BRDA:54,5,1,0
BRDA:60,6,0,3
BRDA:60,6,1,0
BRDA:63,7,0,0
BRDA:63,7,1,0
BRDA:63,8,0,0
BRDA:63,8,1,0
BRDA:70,9,0,0
BRDA:70,9,1,0
BRDA:73,10,0,0
BRDA:73,10,1,0
BRDA:73,11,0,0
BRDA:73,11,1,0
BRDA:76,12,0,0
BRDA:76,12,1,0
BRDA:87,13,0,0
BRDA:87,13,1,0
BRDA:90,14,0,0
BRDA:90,14,1,0
BRDA:92,15,0,0
BRDA:92,15,1,0
BRDA:93,16,0,0
BRDA:93,16,1,0
BRDA:103,17,0,0
BRDA:103,17,1,0
BRDA:106,18,0,0
BRDA:106,18,1,0
BRDA:107,19,0,0
BRDA:107,19,1,0
BRDA:113,20,0,16
BRDA:113,20,1,0
BRDA:116,21,0,0
BRDA:116,21,1,0
BRDA:126,22,0,2
BRDA:126,22,1,0
BRDA:129,23,0,0
BRDA:129,23,1,0
BRDA:129,24,0,0
BRDA:129,24,1,0
BRDA:137,25,0,0
BRDA:137,25,1,0
BRDA:155,26,0,0
BRDA:155,26,1,0
BRDA:159,27,0,0
BRDA:159,27,1,0
BRDA:162,28,0,0
BRDA:162,28,1,0
BRDA:169,29,0,0
BRDA:169,29,1,0
BRDA:188,30,0,0
BRDA:188,30,1,0
BRDA:191,31,0,0
BRDA:191,31,1,0
BRDA:191,32,0,0
BRDA:191,32,1,0
BRDA:204,33,0,0
BRDA:204,33,1,0
BRDA:218,34,0,0
BRDA:218,34,1,0
BRDA:221,35,0,0
BRDA:221,35,1,0
BRDA:223,36,0,0
BRDA:223,36,1,0
BRDA:238,37,0,0
BRDA:238,37,1,0
BRF:76
BRH:5
end_of_record
TN:
SF:/Users/championswimmer/Development/CodingBlocks/Node/dev-submit/src/utils/config.js
FNF:0
FNH:0
DA:5,1
LF:1
LH:1
BRF:0
BRH:0
end_of_record
TN:
SF:/Users/championswimmer/Development/CodingBlocks/Node/dev-submit/src/utils/index.js
FNF:0
FNH:0
DA:4,1
DA:5,1
DA:6,1
LF:3
LH:3
BRF:0
BRH:0
end_of_record
